[0.072s] DEBUG:colcon:Command line arguments: ['/usr/bin/colcon', 'build', '--symlink-install']
[0.072s] DEBUG:colcon:Parsed command line arguments: Namespace(log_base=None, log_level=None, verb_name='build', build_base='build', install_base='install', merge_install=False, symlink_install=True, test_result_base=None, continue_on_error=False, executor='parallel', parallel_workers=8, event_handlers=None, ignore_user_meta=False, metas=['./colcon.meta'], base_paths=['.'], packages_ignore=None, packages_ignore_regex=None, paths=None, packages_up_to=None, packages_up_to_regex=None, packages_above=None, packages_above_and_dependencies=None, packages_above_depth=None, packages_select_by_dep=None, packages_skip_by_dep=None, packages_skip_up_to=None, packages_select_build_failed=False, packages_skip_build_finished=False, packages_select_test_failures=False, packages_skip_test_passed=False, packages_select=None, packages_skip=None, packages_select_regex=None, packages_skip_regex=None, packages_start=None, packages_end=None, allow_overriding=[], cmake_args=None, cmake_target=None, cmake_target_skip_unavailable=False, cmake_clean_cache=False, cmake_clean_first=False, cmake_force_configure=False, ament_cmake_args=None, catkin_cmake_args=None, catkin_skip_building_tests=False, mixin_files=None, mixin=None, verb_parser=<colcon_mixin.mixin.mixin_argument.MixinArgumentDecorator object at 0x7a77d5553f70>, verb_extension=<colcon_core.verb.build.BuildVerb object at 0x7a77d5553ac0>, main=<bound method BuildVerb.main of <colcon_core.verb.build.BuildVerb object at 0x7a77d5553ac0>>, mixin_verb=('build',))
[0.099s] Level 1:colcon.colcon_core.package_discovery:discover_packages(colcon_meta) check parameters
[0.099s] Level 1:colcon.colcon_core.package_discovery:discover_packages(recursive) check parameters
[0.099s] Level 1:colcon.colcon_core.package_discovery:discover_packages(ignore) check parameters
[0.099s] Level 1:colcon.colcon_core.package_discovery:discover_packages(path) check parameters
[0.099s] Level 1:colcon.colcon_core.package_discovery:discover_packages(colcon_meta) discover
[0.099s] Level 1:colcon.colcon_core.package_discovery:discover_packages(recursive) discover
[0.099s] INFO:colcon.colcon_core.package_discovery:Crawling recursively for packages in '/home/uylegia/ros2_ws'
[0.099s] Level 1:colcon.colcon_core.package_identification:_identify(.) by extensions ['ignore', 'ignore_ament_install']
[0.099s] Level 1:colcon.colcon_core.package_identification:_identify(.) by extension 'ignore'
[0.099s] Level 1:colcon.colcon_core.package_identification:_identify(.) by extension 'ignore_ament_install'
[0.099s] Level 1:colcon.colcon_core.package_identification:_identify(.) by extensions ['colcon_pkg']
[0.099s] Level 1:colcon.colcon_core.package_identification:_identify(.) by extension 'colcon_pkg'
[0.099s] Level 1:colcon.colcon_core.package_identification:_identify(.) by extensions ['colcon_meta']
[0.099s] Level 1:colcon.colcon_core.package_identification:_identify(.) by extension 'colcon_meta'
[0.099s] Level 1:colcon.colcon_core.package_identification:_identify(.) by extensions ['ros']
[0.099s] Level 1:colcon.colcon_core.package_identification:_identify(.) by extension 'ros'
[0.109s] Level 1:colcon.colcon_core.package_identification:_identify(.) by extensions ['cmake', 'python']
[0.109s] Level 1:colcon.colcon_core.package_identification:_identify(.) by extension 'cmake'
[0.109s] Level 1:colcon.colcon_core.package_identification:_identify(.) by extension 'python'
[0.109s] Level 1:colcon.colcon_core.package_identification:_identify(.) by extensions ['python_setup_py']
[0.109s] Level 1:colcon.colcon_core.package_identification:_identify(.) by extension 'python_setup_py'
[0.109s] Level 1:colcon.colcon_core.package_identification:_identify(build) by extensions ['ignore', 'ignore_ament_install']
[0.110s] Level 1:colcon.colcon_core.package_identification:_identify(build) by extension 'ignore'
[0.110s] Level 1:colcon.colcon_core.package_identification:_identify(build) ignored
[0.110s] Level 1:colcon.colcon_core.package_identification:_identify(install) by extensions ['ignore', 'ignore_ament_install']
[0.110s] Level 1:colcon.colcon_core.package_identification:_identify(install) by extension 'ignore'
[0.110s] Level 1:colcon.colcon_core.package_identification:_identify(install) ignored
[0.110s] Level 1:colcon.colcon_core.package_identification:_identify(log) by extensions ['ignore', 'ignore_ament_install']
[0.110s] Level 1:colcon.colcon_core.package_identification:_identify(log) by extension 'ignore'
[0.110s] Level 1:colcon.colcon_core.package_identification:_identify(log) ignored
[0.110s] Level 1:colcon.colcon_core.package_identification:_identify(src) by extensions ['ignore', 'ignore_ament_install']
[0.110s] Level 1:colcon.colcon_core.package_identification:_identify(src) by extension 'ignore'
[0.110s] Level 1:colcon.colcon_core.package_identification:_identify(src) by extension 'ignore_ament_install'
[0.110s] Level 1:colcon.colcon_core.package_identification:_identify(src) by extensions ['colcon_pkg']
[0.110s] Level 1:colcon.colcon_core.package_identification:_identify(src) by extension 'colcon_pkg'
[0.110s] Level 1:colcon.colcon_core.package_identification:_identify(src) by extensions ['colcon_meta']
[0.110s] Level 1:colcon.colcon_core.package_identification:_identify(src) by extension 'colcon_meta'
[0.110s] Level 1:colcon.colcon_core.package_identification:_identify(src) by extensions ['ros']
[0.110s] Level 1:colcon.colcon_core.package_identification:_identify(src) by extension 'ros'
[0.110s] Level 1:colcon.colcon_core.package_identification:_identify(src) by extensions ['cmake', 'python']
[0.110s] Level 1:colcon.colcon_core.package_identification:_identify(src) by extension 'cmake'
[0.110s] Level 1:colcon.colcon_core.package_identification:_identify(src) by extension 'python'
[0.110s] Level 1:colcon.colcon_core.package_identification:_identify(src) by extensions ['python_setup_py']
[0.110s] Level 1:colcon.colcon_core.package_identification:_identify(src) by extension 'python_setup_py'
[0.110s] Level 1:colcon.colcon_core.package_identification:_identify(src/my_car_control) by extensions ['ignore', 'ignore_ament_install']
[0.110s] Level 1:colcon.colcon_core.package_identification:_identify(src/my_car_control) by extension 'ignore'
[0.110s] Level 1:colcon.colcon_core.package_identification:_identify(src/my_car_control) by extension 'ignore_ament_install'
[0.110s] Level 1:colcon.colcon_core.package_identification:_identify(src/my_car_control) by extensions ['colcon_pkg']
[0.110s] Level 1:colcon.colcon_core.package_identification:_identify(src/my_car_control) by extension 'colcon_pkg'
[0.110s] Level 1:colcon.colcon_core.package_identification:_identify(src/my_car_control) by extensions ['colcon_meta']
[0.110s] Level 1:colcon.colcon_core.package_identification:_identify(src/my_car_control) by extension 'colcon_meta'
[0.110s] Level 1:colcon.colcon_core.package_identification:_identify(src/my_car_control) by extensions ['ros']
[0.110s] Level 1:colcon.colcon_core.package_identification:_identify(src/my_car_control) by extension 'ros'
[0.113s] DEBUG:colcon.colcon_core.package_identification:Package 'src/my_car_control' with type 'ros.ament_cmake' and name 'my_car_control'
[0.113s] Level 1:colcon.colcon_core.package_identification:_identify(src/my_gps_driver) by extensions ['ignore', 'ignore_ament_install']
[0.113s] Level 1:colcon.colcon_core.package_identification:_identify(src/my_gps_driver) by extension 'ignore'
[0.113s] Level 1:colcon.colcon_core.package_identification:_identify(src/my_gps_driver) by extension 'ignore_ament_install'
[0.113s] Level 1:colcon.colcon_core.package_identification:_identify(src/my_gps_driver) by extensions ['colcon_pkg']
[0.113s] Level 1:colcon.colcon_core.package_identification:_identify(src/my_gps_driver) by extension 'colcon_pkg'
[0.113s] Level 1:colcon.colcon_core.package_identification:_identify(src/my_gps_driver) by extensions ['colcon_meta']
[0.113s] Level 1:colcon.colcon_core.package_identification:_identify(src/my_gps_driver) by extension 'colcon_meta'
[0.113s] Level 1:colcon.colcon_core.package_identification:_identify(src/my_gps_driver) by extensions ['ros']
[0.113s] Level 1:colcon.colcon_core.package_identification:_identify(src/my_gps_driver) by extension 'ros'
[0.113s] DEBUG:colcon.colcon_core.package_identification:Package 'src/my_gps_driver' with type 'ros.ament_cmake' and name 'my_gps_driver'
[0.113s] Level 1:colcon.colcon_core.package_identification:_identify(src/my_localization) by extensions ['ignore', 'ignore_ament_install']
[0.113s] Level 1:colcon.colcon_core.package_identification:_identify(src/my_localization) by extension 'ignore'
[0.113s] Level 1:colcon.colcon_core.package_identification:_identify(src/my_localization) by extension 'ignore_ament_install'
[0.113s] Level 1:colcon.colcon_core.package_identification:_identify(src/my_localization) by extensions ['colcon_pkg']
[0.113s] Level 1:colcon.colcon_core.package_identification:_identify(src/my_localization) by extension 'colcon_pkg'
[0.113s] Level 1:colcon.colcon_core.package_identification:_identify(src/my_localization) by extensions ['colcon_meta']
[0.113s] Level 1:colcon.colcon_core.package_identification:_identify(src/my_localization) by extension 'colcon_meta'
[0.113s] Level 1:colcon.colcon_core.package_identification:_identify(src/my_localization) by extensions ['ros']
[0.113s] Level 1:colcon.colcon_core.package_identification:_identify(src/my_localization) by extension 'ros'
[0.114s] DEBUG:colcon.colcon_core.package_identification:Package 'src/my_localization' with type 'ros.ament_python' and name 'my_localization'
[0.114s] Level 1:colcon.colcon_core.package_discovery:discover_packages(recursive) using defaults
[0.114s] Level 1:colcon.colcon_core.package_discovery:discover_packages(ignore) discover
[0.114s] Level 1:colcon.colcon_core.package_discovery:discover_packages(ignore) using defaults
[0.114s] Level 1:colcon.colcon_core.package_discovery:discover_packages(path) discover
[0.114s] Level 1:colcon.colcon_core.package_discovery:discover_packages(path) using defaults
[0.128s] Level 1:colcon.colcon_core.package_discovery:discover_packages(prefix_path) check parameters
[0.128s] Level 1:colcon.colcon_core.package_discovery:discover_packages(prefix_path) discover
[0.128s] WARNING:colcon.colcon_ros.prefix_path.ament:The path '/home/uylegia/ros2_ws/install/my_localization' in the environment variable AMENT_PREFIX_PATH doesn't exist
[0.128s] WARNING:colcon.colcon_ros.prefix_path.ament:The path '/home/uylegia/ros2_ws/install/my_gps_driver' in the environment variable AMENT_PREFIX_PATH doesn't exist
[0.129s] WARNING:colcon.colcon_ros.prefix_path.ament:The path '/home/uylegia/ros2_ws/install/my_car_control' in the environment variable AMENT_PREFIX_PATH doesn't exist
[0.129s] WARNING:colcon.colcon_ros.prefix_path.catkin:The path '/home/uylegia/ros2_ws/install/my_gps_driver' in the environment variable CMAKE_PREFIX_PATH doesn't exist
[0.129s] WARNING:colcon.colcon_ros.prefix_path.catkin:The path '/home/uylegia/ros2_ws/install/my_car_control' in the environment variable CMAKE_PREFIX_PATH doesn't exist
[0.129s] DEBUG:colcon.colcon_installed_package_information.package_discovery:Found 0 installed packages in /home/uylegia/ros2_ws/install
[0.130s] DEBUG:colcon.colcon_installed_package_information.package_discovery:Found 368 installed packages in /opt/ros/humble
[0.131s] Level 1:colcon.colcon_core.package_discovery:discover_packages(prefix_path) using defaults
[0.161s] Level 5:colcon.colcon_core.verb:set package 'my_car_control' build argument 'cmake_args' from command line to 'None'
[0.161s] Level 5:colcon.colcon_core.verb:set package 'my_car_control' build argument 'cmake_target' from command line to 'None'
[0.161s] Level 5:colcon.colcon_core.verb:set package 'my_car_control' build argument 'cmake_target_skip_unavailable' from command line to 'False'
[0.161s] Level 5:colcon.colcon_core.verb:set package 'my_car_control' build argument 'cmake_clean_cache' from command line to 'False'
[0.161s] Level 5:colcon.colcon_core.verb:set package 'my_car_control' build argument 'cmake_clean_first' from command line to 'False'
[0.161s] Level 5:colcon.colcon_core.verb:set package 'my_car_control' build argument 'cmake_force_configure' from command line to 'False'
[0.161s] Level 5:colcon.colcon_core.verb:set package 'my_car_control' build argument 'ament_cmake_args' from command line to 'None'
[0.161s] Level 5:colcon.colcon_core.verb:set package 'my_car_control' build argument 'catkin_cmake_args' from command line to 'None'
[0.161s] Level 5:colcon.colcon_core.verb:set package 'my_car_control' build argument 'catkin_skip_building_tests' from command line to 'False'
[0.161s] DEBUG:colcon.colcon_core.verb:Building package 'my_car_control' with the following arguments: {'ament_cmake_args': None, 'build_base': '/home/uylegia/ros2_ws/build/my_car_control', 'catkin_cmake_args': None, 'catkin_skip_building_tests': False, 'cmake_args': None, 'cmake_clean_cache': False, 'cmake_clean_first': False, 'cmake_force_configure': False, 'cmake_target': None, 'cmake_target_skip_unavailable': False, 'install_base': '/home/uylegia/ros2_ws/install/my_car_control', 'merge_install': False, 'path': '/home/uylegia/ros2_ws/src/my_car_control', 'symlink_install': True, 'test_result_base': None}
[0.162s] Level 5:colcon.colcon_core.verb:set package 'my_gps_driver' build argument 'cmake_args' from command line to 'None'
[0.162s] Level 5:colcon.colcon_core.verb:set package 'my_gps_driver' build argument 'cmake_target' from command line to 'None'
[0.162s] Level 5:colcon.colcon_core.verb:set package 'my_gps_driver' build argument 'cmake_target_skip_unavailable' from command line to 'False'
[0.162s] Level 5:colcon.colcon_core.verb:set package 'my_gps_driver' build argument 'cmake_clean_cache' from command line to 'False'
[0.162s] Level 5:colcon.colcon_core.verb:set package 'my_gps_driver' build argument 'cmake_clean_first' from command line to 'False'
[0.162s] Level 5:colcon.colcon_core.verb:set package 'my_gps_driver' build argument 'cmake_force_configure' from command line to 'False'
[0.162s] Level 5:colcon.colcon_core.verb:set package 'my_gps_driver' build argument 'ament_cmake_args' from command line to 'None'
[0.162s] Level 5:colcon.colcon_core.verb:set package 'my_gps_driver' build argument 'catkin_cmake_args' from command line to 'None'
[0.162s] Level 5:colcon.colcon_core.verb:set package 'my_gps_driver' build argument 'catkin_skip_building_tests' from command line to 'False'
[0.162s] DEBUG:colcon.colcon_core.verb:Building package 'my_gps_driver' with the following arguments: {'ament_cmake_args': None, 'build_base': '/home/uylegia/ros2_ws/build/my_gps_driver', 'catkin_cmake_args': None, 'catkin_skip_building_tests': False, 'cmake_args': None, 'cmake_clean_cache': False, 'cmake_clean_first': False, 'cmake_force_configure': False, 'cmake_target': None, 'cmake_target_skip_unavailable': False, 'install_base': '/home/uylegia/ros2_ws/install/my_gps_driver', 'merge_install': False, 'path': '/home/uylegia/ros2_ws/src/my_gps_driver', 'symlink_install': True, 'test_result_base': None}
[0.162s] Level 5:colcon.colcon_core.verb:set package 'my_localization' build argument 'cmake_args' from command line to 'None'
[0.162s] Level 5:colcon.colcon_core.verb:set package 'my_localization' build argument 'cmake_target' from command line to 'None'
[0.162s] Level 5:colcon.colcon_core.verb:set package 'my_localization' build argument 'cmake_target_skip_unavailable' from command line to 'False'
[0.162s] Level 5:colcon.colcon_core.verb:set package 'my_localization' build argument 'cmake_clean_cache' from command line to 'False'
[0.162s] Level 5:colcon.colcon_core.verb:set package 'my_localization' build argument 'cmake_clean_first' from command line to 'False'
[0.162s] Level 5:colcon.colcon_core.verb:set package 'my_localization' build argument 'cmake_force_configure' from command line to 'False'
[0.162s] Level 5:colcon.colcon_core.verb:set package 'my_localization' build argument 'ament_cmake_args' from command line to 'None'
[0.162s] Level 5:colcon.colcon_core.verb:set package 'my_localization' build argument 'catkin_cmake_args' from command line to 'None'
[0.162s] Level 5:colcon.colcon_core.verb:set package 'my_localization' build argument 'catkin_skip_building_tests' from command line to 'False'
[0.162s] DEBUG:colcon.colcon_core.verb:Building package 'my_localization' with the following arguments: {'ament_cmake_args': None, 'build_base': '/home/uylegia/ros2_ws/build/my_localization', 'catkin_cmake_args': None, 'catkin_skip_building_tests': False, 'cmake_args': None, 'cmake_clean_cache': False, 'cmake_clean_first': False, 'cmake_force_configure': False, 'cmake_target': None, 'cmake_target_skip_unavailable': False, 'install_base': '/home/uylegia/ros2_ws/install/my_localization', 'merge_install': False, 'path': '/home/uylegia/ros2_ws/src/my_localization', 'symlink_install': True, 'test_result_base': None}
[0.162s] INFO:colcon.colcon_core.executor:Executing jobs using 'parallel' executor
[0.163s] DEBUG:colcon.colcon_parallel_executor.executor.parallel:run_until_complete
[0.163s] INFO:colcon.colcon_ros.task.ament_cmake.build:Building ROS package in '/home/uylegia/ros2_ws/src/my_car_control' with build type 'ament_cmake'
[0.163s] INFO:colcon.colcon_cmake.task.cmake.build:Building CMake package in '/home/uylegia/ros2_ws/src/my_car_control'
[0.165s] INFO:colcon.colcon_core.plugin_system:Skipping extension 'colcon_core.shell.bat': Not used on non-Windows systems
[0.165s] INFO:colcon.colcon_core.shell:Skip shell extension 'powershell' for command environment: Not usable outside of PowerShell
[0.165s] DEBUG:colcon.colcon_core.shell:Skip shell extension 'dsv' for command environment
[0.168s] INFO:colcon.colcon_ros.task.ament_cmake.build:Building ROS package in '/home/uylegia/ros2_ws/src/my_gps_driver' with build type 'ament_cmake'
[0.168s] INFO:colcon.colcon_cmake.task.cmake.build:Building CMake package in '/home/uylegia/ros2_ws/src/my_gps_driver'
[0.168s] INFO:colcon.colcon_core.shell:Skip shell extension 'powershell' for command environment: Not usable outside of PowerShell
[0.168s] DEBUG:colcon.colcon_core.shell:Skip shell extension 'dsv' for command environment
[0.170s] INFO:colcon.colcon_ros.task.ament_python.build:Building ROS package in '/home/uylegia/ros2_ws/src/my_localization' with build type 'ament_python'
[0.170s] Level 1:colcon.colcon_core.shell:create_environment_hook('my_localization', 'ament_prefix_path')
[0.170s] INFO:colcon.colcon_core.shell:Creating environment hook '/home/uylegia/ros2_ws/install/my_localization/share/my_localization/hook/ament_prefix_path.ps1'
[0.171s] INFO:colcon.colcon_core.shell:Creating environment descriptor '/home/uylegia/ros2_ws/install/my_localization/share/my_localization/hook/ament_prefix_path.dsv'
[0.171s] INFO:colcon.colcon_core.shell:Creating environment hook '/home/uylegia/ros2_ws/install/my_localization/share/my_localization/hook/ament_prefix_path.sh'
[0.172s] INFO:colcon.colcon_core.shell:Skip shell extension 'powershell' for command environment: Not usable outside of PowerShell
[0.172s] DEBUG:colcon.colcon_core.shell:Skip shell extension 'dsv' for command environment
[0.176s] DEBUG:colcon.colcon_core.event_handler.log_command:Invoking command in '/home/uylegia/ros2_ws/build/my_car_control': CMAKE_PREFIX_PATH=${CMAKE_PREFIX_PATH}:/home/uylegia/ros2_ws/install/my_localization:/opt/ros/humble /usr/bin/cmake /home/uylegia/ros2_ws/src/my_car_control -DAMENT_CMAKE_SYMLINK_INSTALL=1 -DCMAKE_INSTALL_PREFIX=/home/uylegia/ros2_ws/install/my_car_control
[0.179s] DEBUG:colcon.colcon_core.event_handler.log_command:Invoking command in '/home/uylegia/ros2_ws/build/my_gps_driver': CMAKE_PREFIX_PATH=${CMAKE_PREFIX_PATH}:/home/uylegia/ros2_ws/install/my_localization:/opt/ros/humble /usr/bin/cmake /home/uylegia/ros2_ws/src/my_gps_driver -DAMENT_CMAKE_SYMLINK_INSTALL=1 -DCMAKE_INSTALL_PREFIX=/home/uylegia/ros2_ws/install/my_gps_driver
[0.352s] INFO:colcon.colcon_core.task.python.build:Building Python package in '/home/uylegia/ros2_ws/src/my_localization'
[0.353s] INFO:colcon.colcon_core.shell:Skip shell extension 'powershell' for command environment: Not usable outside of PowerShell
[0.353s] DEBUG:colcon.colcon_core.shell:Skip shell extension 'dsv' for command environment
[0.762s] DEBUG:colcon.colcon_core.event_handler.log_command:Invoking command in '/home/uylegia/ros2_ws/build/my_localization': PYTHONPATH=/home/uylegia/ros2_ws/build/my_localization/prefix_override:/usr/lib/python3/dist-packages/colcon_core/task/python/colcon_distutils_commands:/home/uylegia/ros2_ws/install/my_localization/lib/python3.10/site-packages:${PYTHONPATH} /usr/bin/python3 -W ignore:setup.py install is deprecated -W ignore:easy_install command is deprecated setup.py develop --editable --build-directory /home/uylegia/ros2_ws/build/my_localization/build --no-deps symlink_data
[0.829s] DEBUG:colcon.colcon_core.event_handler.log_command:Invoked command in '/home/uylegia/ros2_ws/build/my_gps_driver' returned '0': CMAKE_PREFIX_PATH=${CMAKE_PREFIX_PATH}:/home/uylegia/ros2_ws/install/my_localization:/opt/ros/humble /usr/bin/cmake /home/uylegia/ros2_ws/src/my_gps_driver -DAMENT_CMAKE_SYMLINK_INSTALL=1 -DCMAKE_INSTALL_PREFIX=/home/uylegia/ros2_ws/install/my_gps_driver
[0.831s] DEBUG:colcon.colcon_core.event_handler.log_command:Invoking command in '/home/uylegia/ros2_ws/build/my_gps_driver': CMAKE_PREFIX_PATH=${CMAKE_PREFIX_PATH}:/home/uylegia/ros2_ws/install/my_localization:/opt/ros/humble /usr/bin/cmake --build /home/uylegia/ros2_ws/build/my_gps_driver -- -j8 -l8
[0.857s] DEBUG:colcon.colcon_core.event_handler.log_command:Invoked command in '/home/uylegia/ros2_ws/build/my_gps_driver' returned '0': CMAKE_PREFIX_PATH=${CMAKE_PREFIX_PATH}:/home/uylegia/ros2_ws/install/my_localization:/opt/ros/humble /usr/bin/cmake --build /home/uylegia/ros2_ws/build/my_gps_driver -- -j8 -l8
[0.864s] DEBUG:colcon.colcon_core.event_handler.log_command:Invoking command in '/home/uylegia/ros2_ws/build/my_gps_driver': CMAKE_PREFIX_PATH=${CMAKE_PREFIX_PATH}:/home/uylegia/ros2_ws/install/my_localization:/opt/ros/humble /usr/bin/cmake --install /home/uylegia/ros2_ws/build/my_gps_driver
[0.974s] Level 1:colcon.colcon_core.environment:create_environment_scripts_only(my_gps_driver)
[0.975s] DEBUG:colcon.colcon_core.event_handler.log_command:Invoked command in '/home/uylegia/ros2_ws/build/my_gps_driver' returned '0': CMAKE_PREFIX_PATH=${CMAKE_PREFIX_PATH}:/home/uylegia/ros2_ws/install/my_localization:/opt/ros/humble /usr/bin/cmake --install /home/uylegia/ros2_ws/build/my_gps_driver
[0.976s] Level 1:colcon.colcon_core.environment:checking '/home/uylegia/ros2_ws/install/my_gps_driver' for CMake module files
[0.977s] Level 1:colcon.colcon_core.environment:checking '/home/uylegia/ros2_ws/install/my_gps_driver' for CMake config files
[0.977s] Level 1:colcon.colcon_core.shell:create_environment_hook('my_gps_driver', 'cmake_prefix_path')
[0.977s] INFO:colcon.colcon_core.shell:Creating environment hook '/home/uylegia/ros2_ws/install/my_gps_driver/share/my_gps_driver/hook/cmake_prefix_path.ps1'
[0.977s] INFO:colcon.colcon_core.shell:Creating environment descriptor '/home/uylegia/ros2_ws/install/my_gps_driver/share/my_gps_driver/hook/cmake_prefix_path.dsv'
[0.978s] INFO:colcon.colcon_core.shell:Creating environment hook '/home/uylegia/ros2_ws/install/my_gps_driver/share/my_gps_driver/hook/cmake_prefix_path.sh'
[0.978s] Level 1:colcon.colcon_core.environment:checking '/home/uylegia/ros2_ws/install/my_gps_driver/bin'
[0.978s] Level 1:colcon.colcon_core.environment:checking '/home/uylegia/ros2_ws/install/my_gps_driver/lib/pkgconfig/my_gps_driver.pc'
[0.978s] Level 1:colcon.colcon_core.environment:checking '/home/uylegia/ros2_ws/install/my_gps_driver/lib/python3.10/site-packages'
[0.979s] Level 1:colcon.colcon_core.environment:checking '/home/uylegia/ros2_ws/install/my_gps_driver/bin'
[0.979s] INFO:colcon.colcon_core.shell:Creating package script '/home/uylegia/ros2_ws/install/my_gps_driver/share/my_gps_driver/package.ps1'
[0.979s] INFO:colcon.colcon_core.shell:Creating package descriptor '/home/uylegia/ros2_ws/install/my_gps_driver/share/my_gps_driver/package.dsv'
[0.980s] INFO:colcon.colcon_core.shell:Creating package script '/home/uylegia/ros2_ws/install/my_gps_driver/share/my_gps_driver/package.sh'
[0.980s] INFO:colcon.colcon_core.shell:Creating package script '/home/uylegia/ros2_ws/install/my_gps_driver/share/my_gps_driver/package.bash'
[0.981s] INFO:colcon.colcon_core.shell:Creating package script '/home/uylegia/ros2_ws/install/my_gps_driver/share/my_gps_driver/package.zsh'
[0.982s] Level 1:colcon.colcon_core.environment:create_file_with_runtime_dependencies(/home/uylegia/ros2_ws/install/my_gps_driver/share/colcon-core/packages/my_gps_driver)
[0.982s] Level 1:colcon.colcon_core.environment:create_environment_scripts_only(my_gps_driver)
[0.982s] Level 1:colcon.colcon_core.environment:checking '/home/uylegia/ros2_ws/install/my_gps_driver' for CMake module files
[0.982s] Level 1:colcon.colcon_core.environment:checking '/home/uylegia/ros2_ws/install/my_gps_driver' for CMake config files
[0.983s] Level 1:colcon.colcon_core.shell:create_environment_hook('my_gps_driver', 'cmake_prefix_path')
[0.983s] INFO:colcon.colcon_core.shell:Creating environment hook '/home/uylegia/ros2_ws/install/my_gps_driver/share/my_gps_driver/hook/cmake_prefix_path.ps1'
[0.983s] INFO:colcon.colcon_core.shell:Creating environment descriptor '/home/uylegia/ros2_ws/install/my_gps_driver/share/my_gps_driver/hook/cmake_prefix_path.dsv'
[0.983s] INFO:colcon.colcon_core.shell:Creating environment hook '/home/uylegia/ros2_ws/install/my_gps_driver/share/my_gps_driver/hook/cmake_prefix_path.sh'
[0.984s] Level 1:colcon.colcon_core.environment:checking '/home/uylegia/ros2_ws/install/my_gps_driver/bin'
[0.984s] Level 1:colcon.colcon_core.environment:checking '/home/uylegia/ros2_ws/install/my_gps_driver/lib/pkgconfig/my_gps_driver.pc'
[0.984s] Level 1:colcon.colcon_core.environment:checking '/home/uylegia/ros2_ws/install/my_gps_driver/lib/python3.10/site-packages'
[0.984s] Level 1:colcon.colcon_core.environment:checking '/home/uylegia/ros2_ws/install/my_gps_driver/bin'
[0.984s] INFO:colcon.colcon_core.shell:Creating package script '/home/uylegia/ros2_ws/install/my_gps_driver/share/my_gps_driver/package.ps1'
[0.985s] INFO:colcon.colcon_core.shell:Creating package descriptor '/home/uylegia/ros2_ws/install/my_gps_driver/share/my_gps_driver/package.dsv'
[0.985s] INFO:colcon.colcon_core.shell:Creating package script '/home/uylegia/ros2_ws/install/my_gps_driver/share/my_gps_driver/package.sh'
[0.985s] INFO:colcon.colcon_core.shell:Creating package script '/home/uylegia/ros2_ws/install/my_gps_driver/share/my_gps_driver/package.bash'
[0.985s] INFO:colcon.colcon_core.shell:Creating package script '/home/uylegia/ros2_ws/install/my_gps_driver/share/my_gps_driver/package.zsh'
[0.986s] Level 1:colcon.colcon_core.environment:create_file_with_runtime_dependencies(/home/uylegia/ros2_ws/install/my_gps_driver/share/colcon-core/packages/my_gps_driver)
[1.255s] Level 1:colcon.colcon_core.shell:create_environment_hook('my_localization', 'pythonpath_develop')
[1.255s] INFO:colcon.colcon_core.shell:Creating environment hook '/home/uylegia/ros2_ws/build/my_localization/share/my_localization/hook/pythonpath_develop.ps1'
[1.256s] DEBUG:colcon.colcon_core.event_handler.log_command:Invoked command in '/home/uylegia/ros2_ws/build/my_localization' returned '0': PYTHONPATH=/home/uylegia/ros2_ws/build/my_localization/prefix_override:/usr/lib/python3/dist-packages/colcon_core/task/python/colcon_distutils_commands:/home/uylegia/ros2_ws/install/my_localization/lib/python3.10/site-packages:${PYTHONPATH} /usr/bin/python3 -W ignore:setup.py install is deprecated -W ignore:easy_install command is deprecated setup.py develop --editable --build-directory /home/uylegia/ros2_ws/build/my_localization/build --no-deps symlink_data
[1.256s] INFO:colcon.colcon_core.shell:Creating environment descriptor '/home/uylegia/ros2_ws/build/my_localization/share/my_localization/hook/pythonpath_develop.dsv'
[1.256s] INFO:colcon.colcon_core.shell:Creating environment hook '/home/uylegia/ros2_ws/build/my_localization/share/my_localization/hook/pythonpath_develop.sh'
[1.257s] Level 1:colcon.colcon_core.environment:checking '/home/uylegia/ros2_ws/install/my_localization' for CMake module files
[1.257s] Level 1:colcon.colcon_core.environment:checking '/home/uylegia/ros2_ws/install/my_localization' for CMake config files
[1.257s] Level 1:colcon.colcon_core.environment:checking '/home/uylegia/ros2_ws/install/my_localization/lib'
[1.257s] Level 1:colcon.colcon_core.environment:checking '/home/uylegia/ros2_ws/install/my_localization/bin'
[1.257s] Level 1:colcon.colcon_core.environment:checking '/home/uylegia/ros2_ws/install/my_localization/lib/pkgconfig/my_localization.pc'
[1.258s] Level 1:colcon.colcon_core.environment:checking '/home/uylegia/ros2_ws/install/my_localization/lib/python3.10/site-packages'
[1.258s] Level 1:colcon.colcon_core.shell:create_environment_hook('my_localization', 'pythonpath')
[1.258s] INFO:colcon.colcon_core.shell:Creating environment hook '/home/uylegia/ros2_ws/install/my_localization/share/my_localization/hook/pythonpath.ps1'
[1.258s] INFO:colcon.colcon_core.shell:Creating environment descriptor '/home/uylegia/ros2_ws/install/my_localization/share/my_localization/hook/pythonpath.dsv'
[1.258s] INFO:colcon.colcon_core.shell:Creating environment hook '/home/uylegia/ros2_ws/install/my_localization/share/my_localization/hook/pythonpath.sh'
[1.259s] Level 1:colcon.colcon_core.environment:checking '/home/uylegia/ros2_ws/install/my_localization/bin'
[1.259s] Level 1:colcon.colcon_core.environment:create_environment_scripts_only(my_localization)
[1.259s] INFO:colcon.colcon_core.shell:Creating package script '/home/uylegia/ros2_ws/install/my_localization/share/my_localization/package.ps1'
[1.259s] INFO:colcon.colcon_core.shell:Creating package descriptor '/home/uylegia/ros2_ws/install/my_localization/share/my_localization/package.dsv'
[1.260s] INFO:colcon.colcon_core.shell:Creating package script '/home/uylegia/ros2_ws/install/my_localization/share/my_localization/package.sh'
[1.260s] INFO:colcon.colcon_core.shell:Creating package script '/home/uylegia/ros2_ws/install/my_localization/share/my_localization/package.bash'
[1.260s] INFO:colcon.colcon_core.shell:Creating package script '/home/uylegia/ros2_ws/install/my_localization/share/my_localization/package.zsh'
[1.260s] Level 1:colcon.colcon_core.environment:create_file_with_runtime_dependencies(/home/uylegia/ros2_ws/install/my_localization/share/colcon-core/packages/my_localization)
[1.262s] DEBUG:colcon.colcon_core.event_handler.log_command:Invoked command in '/home/uylegia/ros2_ws/build/my_car_control' returned '0': CMAKE_PREFIX_PATH=${CMAKE_PREFIX_PATH}:/home/uylegia/ros2_ws/install/my_localization:/opt/ros/humble /usr/bin/cmake /home/uylegia/ros2_ws/src/my_car_control -DAMENT_CMAKE_SYMLINK_INSTALL=1 -DCMAKE_INSTALL_PREFIX=/home/uylegia/ros2_ws/install/my_car_control
[1.262s] DEBUG:colcon.colcon_core.event_handler.log_command:Invoking command in '/home/uylegia/ros2_ws/build/my_car_control': CMAKE_PREFIX_PATH=${CMAKE_PREFIX_PATH}:/home/uylegia/ros2_ws/install/my_localization:/opt/ros/humble /usr/bin/cmake --build /home/uylegia/ros2_ws/build/my_car_control -- -j8 -l8
[1.652s] DEBUG:colcon.colcon_core.event_handler.log_command:Invoked command in '/home/uylegia/ros2_ws/build/my_car_control' returned '0': CMAKE_PREFIX_PATH=${CMAKE_PREFIX_PATH}:/home/uylegia/ros2_ws/install/my_localization:/opt/ros/humble /usr/bin/cmake --build /home/uylegia/ros2_ws/build/my_car_control -- -j8 -l8
[1.653s] DEBUG:colcon.colcon_core.event_handler.log_command:Invoking command in '/home/uylegia/ros2_ws/build/my_car_control': CMAKE_PREFIX_PATH=${CMAKE_PREFIX_PATH}:/home/uylegia/ros2_ws/install/my_localization:/opt/ros/humble /usr/bin/cmake --install /home/uylegia/ros2_ws/build/my_car_control
[1.785s] Level 1:colcon.colcon_core.environment:create_environment_scripts_only(my_car_control)
[1.785s] Level 1:colcon.colcon_core.environment:checking '/home/uylegia/ros2_ws/install/my_car_control' for CMake module files
[1.785s] DEBUG:colcon.colcon_core.event_handler.log_command:Invoked command in '/home/uylegia/ros2_ws/build/my_car_control' returned '0': CMAKE_PREFIX_PATH=${CMAKE_PREFIX_PATH}:/home/uylegia/ros2_ws/install/my_localization:/opt/ros/humble /usr/bin/cmake --install /home/uylegia/ros2_ws/build/my_car_control
[1.786s] Level 1:colcon.colcon_core.environment:checking '/home/uylegia/ros2_ws/install/my_car_control' for CMake config files
[1.786s] Level 1:colcon.colcon_core.shell:create_environment_hook('my_car_control', 'cmake_prefix_path')
[1.786s] INFO:colcon.colcon_core.shell:Creating environment hook '/home/uylegia/ros2_ws/install/my_car_control/share/my_car_control/hook/cmake_prefix_path.ps1'
[1.786s] INFO:colcon.colcon_core.shell:Creating environment descriptor '/home/uylegia/ros2_ws/install/my_car_control/share/my_car_control/hook/cmake_prefix_path.dsv'
[1.786s] INFO:colcon.colcon_core.shell:Creating environment hook '/home/uylegia/ros2_ws/install/my_car_control/share/my_car_control/hook/cmake_prefix_path.sh'
[1.787s] Level 1:colcon.colcon_core.environment:checking '/home/uylegia/ros2_ws/install/my_car_control/lib'
[1.787s] Level 1:colcon.colcon_core.environment:checking '/home/uylegia/ros2_ws/install/my_car_control/bin'
[1.787s] Level 1:colcon.colcon_core.environment:checking '/home/uylegia/ros2_ws/install/my_car_control/lib/pkgconfig/my_car_control.pc'
[1.787s] Level 1:colcon.colcon_core.environment:checking '/home/uylegia/ros2_ws/install/my_car_control/lib/python3.10/site-packages'
[1.787s] Level 1:colcon.colcon_core.environment:checking '/home/uylegia/ros2_ws/install/my_car_control/bin'
[1.787s] INFO:colcon.colcon_core.shell:Creating package script '/home/uylegia/ros2_ws/install/my_car_control/share/my_car_control/package.ps1'
[1.788s] INFO:colcon.colcon_core.shell:Creating package descriptor '/home/uylegia/ros2_ws/install/my_car_control/share/my_car_control/package.dsv'
[1.788s] INFO:colcon.colcon_core.shell:Creating package script '/home/uylegia/ros2_ws/install/my_car_control/share/my_car_control/package.sh'
[1.788s] INFO:colcon.colcon_core.shell:Creating package script '/home/uylegia/ros2_ws/install/my_car_control/share/my_car_control/package.bash'
[1.788s] INFO:colcon.colcon_core.shell:Creating package script '/home/uylegia/ros2_ws/install/my_car_control/share/my_car_control/package.zsh'
[1.789s] Level 1:colcon.colcon_core.environment:create_file_with_runtime_dependencies(/home/uylegia/ros2_ws/install/my_car_control/share/colcon-core/packages/my_car_control)
[1.789s] Level 1:colcon.colcon_core.environment:create_environment_scripts_only(my_car_control)
[1.789s] Level 1:colcon.colcon_core.environment:checking '/home/uylegia/ros2_ws/install/my_car_control' for CMake module files
[1.789s] Level 1:colcon.colcon_core.environment:checking '/home/uylegia/ros2_ws/install/my_car_control' for CMake config files
[1.790s] Level 1:colcon.colcon_core.shell:create_environment_hook('my_car_control', 'cmake_prefix_path')
[1.790s] INFO:colcon.colcon_core.shell:Creating environment hook '/home/uylegia/ros2_ws/install/my_car_control/share/my_car_control/hook/cmake_prefix_path.ps1'
[1.790s] INFO:colcon.colcon_core.shell:Creating environment descriptor '/home/uylegia/ros2_ws/install/my_car_control/share/my_car_control/hook/cmake_prefix_path.dsv'
[1.790s] INFO:colcon.colcon_core.shell:Creating environment hook '/home/uylegia/ros2_ws/install/my_car_control/share/my_car_control/hook/cmake_prefix_path.sh'
[1.790s] Level 1:colcon.colcon_core.environment:checking '/home/uylegia/ros2_ws/install/my_car_control/lib'
[1.790s] Level 1:colcon.colcon_core.environment:checking '/home/uylegia/ros2_ws/install/my_car_control/bin'
[1.790s] Level 1:colcon.colcon_core.environment:checking '/home/uylegia/ros2_ws/install/my_car_control/lib/pkgconfig/my_car_control.pc'
[1.791s] Level 1:colcon.colcon_core.environment:checking '/home/uylegia/ros2_ws/install/my_car_control/lib/python3.10/site-packages'
[1.791s] Level 1:colcon.colcon_core.environment:checking '/home/uylegia/ros2_ws/install/my_car_control/bin'
[1.791s] INFO:colcon.colcon_core.shell:Creating package script '/home/uylegia/ros2_ws/install/my_car_control/share/my_car_control/package.ps1'
[1.791s] INFO:colcon.colcon_core.shell:Creating package descriptor '/home/uylegia/ros2_ws/install/my_car_control/share/my_car_control/package.dsv'
[1.792s] INFO:colcon.colcon_core.shell:Creating package script '/home/uylegia/ros2_ws/install/my_car_control/share/my_car_control/package.sh'
[1.792s] INFO:colcon.colcon_core.shell:Creating package script '/home/uylegia/ros2_ws/install/my_car_control/share/my_car_control/package.bash'
[1.793s] INFO:colcon.colcon_core.shell:Creating package script '/home/uylegia/ros2_ws/install/my_car_control/share/my_car_control/package.zsh'
[1.793s] Level 1:colcon.colcon_core.environment:create_file_with_runtime_dependencies(/home/uylegia/ros2_ws/install/my_car_control/share/colcon-core/packages/my_car_control)
[1.793s] DEBUG:colcon.colcon_parallel_executor.executor.parallel:closing loop
[1.793s] DEBUG:colcon.colcon_parallel_executor.executor.parallel:loop closed
[1.793s] DEBUG:colcon.colcon_parallel_executor.executor.parallel:run_until_complete finished with '0'
[1.794s] DEBUG:colcon.colcon_core.event_reactor:joining thread
[1.806s] INFO:colcon.colcon_core.plugin_system:Skipping extension 'colcon_notification.desktop_notification.terminal_notifier': Not used on non-Darwin systems
[1.806s] INFO:colcon.colcon_core.plugin_system:Skipping extension 'colcon_notification.desktop_notification.win32': Not used on non-Windows systems
[1.806s] INFO:colcon.colcon_notification.desktop_notification:Sending desktop notification using 'notify2'
[1.815s] DEBUG:colcon.colcon_core.event_reactor:joined thread
[1.815s] INFO:colcon.colcon_core.shell:Creating prefix script '/home/uylegia/ros2_ws/install/local_setup.ps1'
[1.816s] INFO:colcon.colcon_core.shell:Creating prefix util module '/home/uylegia/ros2_ws/install/_local_setup_util_ps1.py'
[1.818s] INFO:colcon.colcon_core.shell:Creating prefix chain script '/home/uylegia/ros2_ws/install/setup.ps1'
[1.819s] INFO:colcon.colcon_core.shell:Creating prefix script '/home/uylegia/ros2_ws/install/local_setup.sh'
[1.819s] INFO:colcon.colcon_core.shell:Creating prefix util module '/home/uylegia/ros2_ws/install/_local_setup_util_sh.py'
[1.819s] INFO:colcon.colcon_core.shell:Creating prefix chain script '/home/uylegia/ros2_ws/install/setup.sh'
[1.820s] INFO:colcon.colcon_core.shell:Creating prefix script '/home/uylegia/ros2_ws/install/local_setup.bash'
[1.820s] INFO:colcon.colcon_core.shell:Creating prefix chain script '/home/uylegia/ros2_ws/install/setup.bash'
[1.821s] INFO:colcon.colcon_core.shell:Creating prefix script '/home/uylegia/ros2_ws/install/local_setup.zsh'
[1.821s] INFO:colcon.colcon_core.shell:Creating prefix chain script '/home/uylegia/ros2_ws/install/setup.zsh'
