/home/uylegia/ros2_ws/install/my_localization/lib/python3.10/site-packages/my_localization/fake_imu.py
/home/uylegia/ros2_ws/install/my_localization/lib/python3.10/site-packages/my_localization/__init__.py
/home/uylegia/ros2_ws/install/my_localization/lib/python3.10/site-packages/my_localization/fake_gps.py
/home/uylegia/ros2_ws/install/my_localization/lib/python3.10/site-packages/my_localization/__pycache__/fake_imu.cpython-310.pyc
/home/uylegia/ros2_ws/install/my_localization/lib/python3.10/site-packages/my_localization/__pycache__/__init__.cpython-310.pyc
/home/uylegia/ros2_ws/install/my_localization/lib/python3.10/site-packages/my_localization/__pycache__/fake_gps.cpython-310.pyc
/home/uylegia/ros2_ws/install/my_localization/share/ament_index/resource_index/packages/my_localization
/home/uylegia/ros2_ws/install/my_localization/share/my_localization/package.xml
/home/uylegia/ros2_ws/install/my_localization/share/my_localization/launch/localization.launch.py
/home/uylegia/ros2_ws/install/my_localization/share/my_localization/launch/fake_sensors.launch.py
/home/uylegia/ros2_ws/install/my_localization/share/my_localization/config/navsat.yaml
/home/uylegia/ros2_ws/install/my_localization/share/my_localization/config/ekf.yaml
/home/uylegia/ros2_ws/install/my_localization/lib/python3.10/site-packages/my_localization-0.0.1-py3.10.egg-info/top_level.txt
/home/uylegia/ros2_ws/install/my_localization/lib/python3.10/site-packages/my_localization-0.0.1-py3.10.egg-info/PKG-INFO
/home/uylegia/ros2_ws/install/my_localization/lib/python3.10/site-packages/my_localization-0.0.1-py3.10.egg-info/entry_points.txt
/home/uylegia/ros2_ws/install/my_localization/lib/python3.10/site-packages/my_localization-0.0.1-py3.10.egg-info/dependency_links.txt
/home/uylegia/ros2_ws/install/my_localization/lib/python3.10/site-packages/my_localization-0.0.1-py3.10.egg-info/SOURCES.txt
/home/uylegia/ros2_ws/install/my_localization/lib/python3.10/site-packages/my_localization-0.0.1-py3.10.egg-info/zip-safe
/home/uylegia/ros2_ws/install/my_localization/lib/python3.10/site-packages/my_localization-0.0.1-py3.10.egg-info/requires.txt
/home/uylegia/ros2_ws/install/my_localization/lib/my_localization/fake_gps
/home/uylegia/ros2_ws/install/my_localization/lib/my_localization/fake_imu
