[0.013s] Invoking command in '/home/uylegia/ros2_ws/build/my_car_control': CMAKE_PREFIX_PATH=${CMAKE_PREFIX_PATH}:/home/uylegia/ros2_ws/install/my_localization:/opt/ros/humble /usr/bin/cmake /home/uylegia/ros2_ws/src/my_car_control -DCMAKE_INSTALL_PREFIX=/home/uylegia/ros2_ws/install/my_car_control
[0.022s] -- Found ament_cmake: 1.3.12 (/opt/ros/humble/share/ament_cmake/cmake)
[0.117s] -- Override CMake install command with custom implementation using symlinks instead of copying resources
[0.121s] -- Found rclcpp: 16.0.15 (/opt/ros/humble/share/rclcpp/cmake)
[0.143s] -- Found rosidl_generator_c: 3.1.7 (/opt/ros/humble/share/rosidl_generator_c/cmake)
[0.145s] -- Found rosidl_adapter: 3.1.7 (/opt/ros/humble/share/rosidl_adapter/cmake)
[0.149s] -- Found rosidl_generator_cpp: 3.1.7 (/opt/ros/humble/share/rosidl_generator_cpp/cmake)
[0.156s] -- Using all available rosidl_typesupport_c: rosidl_typesupport_fastrtps_c;rosidl_typesupport_introspection_c
[0.165s] -- Using all available rosidl_typesupport_cpp: rosidl_typesupport_fastrtps_cpp;rosidl_typesupport_introspection_cpp
[0.190s] -- Found rmw_implementation_cmake: 6.1.2 (/opt/ros/humble/share/rmw_implementation_cmake/cmake)
[0.191s] -- Found rmw_fastrtps_cpp: 6.2.8 (/opt/ros/humble/share/rmw_fastrtps_cpp/cmake)
[0.268s] -- Using RMW implementation 'rmw_fastrtps_cpp' as default
[0.301s] -- Found nav_msgs: 4.9.0 (/opt/ros/humble/share/nav_msgs/cmake)
[0.320s] -- Found tf2: 0.25.16 (/opt/ros/humble/share/tf2/cmake)
[0.322s] -- Found tf2_geometry_msgs: 0.25.16 (/opt/ros/humble/share/tf2_geometry_msgs/cmake)
[0.325s] -- Found eigen3_cmake_module: 0.1.1 (/opt/ros/humble/share/eigen3_cmake_module/cmake)
[0.326s] -- Ensuring Eigen3 include directory is part of orocos-kdl CMake target
[0.430s] -- Configuring done
[0.437s] -- Generating done
[0.440s] -- Build files have been written to: /home/uylegia/ros2_ws/build/my_car_control
[0.447s] Invoked command in '/home/uylegia/ros2_ws/build/my_car_control' returned '0': CMAKE_PREFIX_PATH=${CMAKE_PREFIX_PATH}:/home/uylegia/ros2_ws/install/my_localization:/opt/ros/humble /usr/bin/cmake /home/uylegia/ros2_ws/src/my_car_control -DCMAKE_INSTALL_PREFIX=/home/uylegia/ros2_ws/install/my_car_control
[0.448s] Invoking command in '/home/uylegia/ros2_ws/build/my_car_control': CMAKE_PREFIX_PATH=${CMAKE_PREFIX_PATH}:/home/uylegia/ros2_ws/install/my_localization:/opt/ros/humble /usr/bin/cmake --build /home/uylegia/ros2_ws/build/my_car_control -- -j8 -l8
[0.475s] [35m[1mConsolidate compiler generated dependencies of target stanley_controller[0m
[0.487s] [100%] Built target stanley_controller
[0.494s] Invoked command in '/home/uylegia/ros2_ws/build/my_car_control' returned '0': CMAKE_PREFIX_PATH=${CMAKE_PREFIX_PATH}:/home/uylegia/ros2_ws/install/my_localization:/opt/ros/humble /usr/bin/cmake --build /home/uylegia/ros2_ws/build/my_car_control -- -j8 -l8
[0.495s] Invoking command in '/home/uylegia/ros2_ws/build/my_car_control': CMAKE_PREFIX_PATH=${CMAKE_PREFIX_PATH}:/home/uylegia/ros2_ws/install/my_localization:/opt/ros/humble /usr/bin/cmake --install /home/uylegia/ros2_ws/build/my_car_control
[0.500s] -- Install configuration: ""
[0.500s] -- Execute custom install script
[0.500s] -- Up-to-date symlink: /home/uylegia/ros2_ws/install/my_car_control/lib/my_car_control/stanley_controller
[0.501s] -- Up-to-date symlink: /home/uylegia/ros2_ws/install/my_car_control/share/my_car_control/path.csv
[0.501s] -- Up-to-date symlink: /home/uylegia/ros2_ws/install/my_car_control/share/my_car_control/launch/stanley_with_teleop.launch.py
[0.501s] -- Up-to-date symlink: /home/uylegia/ros2_ws/install/my_car_control/share/my_car_control/config/teleop_twist_joy.yaml
[0.501s] -- Up-to-date symlink: /home/uylegia/ros2_ws/install/my_car_control/share/my_car_control/config/twist_mux.yaml
[0.501s] -- Up-to-date symlink: /home/uylegia/ros2_ws/install/my_car_control/share/my_car_control/config/velocity_smoother.yaml
[0.501s] -- Up-to-date symlink: /home/uylegia/ros2_ws/install/my_car_control/share/ament_index/resource_index/package_run_dependencies/my_car_control
[0.501s] -- Up-to-date symlink: /home/uylegia/ros2_ws/install/my_car_control/share/ament_index/resource_index/parent_prefix_path/my_car_control
[0.501s] -- Up-to-date symlink: /home/uylegia/ros2_ws/install/my_car_control/share/my_car_control/environment/ament_prefix_path.sh
[0.501s] -- Up-to-date symlink: /home/uylegia/ros2_ws/install/my_car_control/share/my_car_control/environment/ament_prefix_path.dsv
[0.501s] -- Up-to-date symlink: /home/uylegia/ros2_ws/install/my_car_control/share/my_car_control/environment/path.sh
[0.502s] -- Up-to-date symlink: /home/uylegia/ros2_ws/install/my_car_control/share/my_car_control/environment/path.dsv
[0.502s] -- Up-to-date symlink: /home/uylegia/ros2_ws/install/my_car_control/share/my_car_control/local_setup.bash
[0.502s] -- Up-to-date symlink: /home/uylegia/ros2_ws/install/my_car_control/share/my_car_control/local_setup.sh
[0.502s] -- Up-to-date symlink: /home/uylegia/ros2_ws/install/my_car_control/share/my_car_control/local_setup.zsh
[0.502s] -- Up-to-date symlink: /home/uylegia/ros2_ws/install/my_car_control/share/my_car_control/local_setup.dsv
[0.502s] -- Symlinking: /home/uylegia/ros2_ws/install/my_car_control/share/my_car_control/package.dsv
[0.508s] -- Up-to-date symlink: /home/uylegia/ros2_ws/install/my_car_control/share/ament_index/resource_index/packages/my_car_control
[0.508s] -- Up-to-date symlink: /home/uylegia/ros2_ws/install/my_car_control/share/my_car_control/cmake/my_car_controlConfig.cmake
[0.508s] -- Up-to-date symlink: /home/uylegia/ros2_ws/install/my_car_control/share/my_car_control/cmake/my_car_controlConfig-version.cmake
[0.508s] -- Up-to-date symlink: /home/uylegia/ros2_ws/install/my_car_control/share/my_car_control/package.xml
[0.510s] Invoked command in '/home/uylegia/ros2_ws/build/my_car_control' returned '0': CMAKE_PREFIX_PATH=${CMAKE_PREFIX_PATH}:/home/uylegia/ros2_ws/install/my_localization:/opt/ros/humble /usr/bin/cmake --install /home/uylegia/ros2_ws/build/my_car_control
