[0.012s] Invoking command in '/home/uylegia/ros2_ws/build/my_gps_driver': CMAKE_PREFIX_PATH=${CMAKE_PREFIX_PATH}:/home/uylegia/ros2_ws/install/my_localization:/opt/ros/humble /usr/bin/cmake --build /home/uylegia/ros2_ws/build/my_gps_driver -- -j8 -l8
[0.165s] Invoked command in '/home/uylegia/ros2_ws/build/my_gps_driver' returned '0': CMAKE_PREFIX_PATH=${CMAKE_PREFIX_PATH}:/home/uylegia/ros2_ws/install/my_localization:/opt/ros/humble /usr/bin/cmake --build /home/uylegia/ros2_ws/build/my_gps_driver -- -j8 -l8
[0.172s] Invoking command in '/home/uylegia/ros2_ws/build/my_gps_driver': CMAKE_PREFIX_PATH=${CMAKE_PREFIX_PATH}:/home/uylegia/ros2_ws/install/my_localization:/opt/ros/humble /usr/bin/cmake --install /home/uylegia/ros2_ws/build/my_gps_driver
[0.177s] -- Install configuration: ""
[0.178s] -- Execute custom install script
[0.178s] -- Up-to-date symlink: /home/uylegia/ros2_ws/install/my_gps_driver/share/my_gps_driver/launch/gps.launch.py
[0.178s] -- Up-to-date symlink: /home/uylegia/ros2_ws/install/my_gps_driver/share/my_gps_driver/config/neo_m8p.yaml
[0.178s] -- Up-to-date symlink: /home/uylegia/ros2_ws/install/my_gps_driver/share/ament_index/resource_index/package_run_dependencies/my_gps_driver
[0.179s] -- Up-to-date symlink: /home/uylegia/ros2_ws/install/my_gps_driver/share/ament_index/resource_index/parent_prefix_path/my_gps_driver
[0.179s] -- Up-to-date symlink: /home/uylegia/ros2_ws/install/my_gps_driver/share/my_gps_driver/environment/ament_prefix_path.sh
[0.179s] -- Up-to-date symlink: /home/uylegia/ros2_ws/install/my_gps_driver/share/my_gps_driver/environment/ament_prefix_path.dsv
[0.179s] -- Up-to-date symlink: /home/uylegia/ros2_ws/install/my_gps_driver/share/my_gps_driver/environment/path.sh
[0.179s] -- Up-to-date symlink: /home/uylegia/ros2_ws/install/my_gps_driver/share/my_gps_driver/environment/path.dsv
[0.179s] -- Up-to-date symlink: /home/uylegia/ros2_ws/install/my_gps_driver/share/my_gps_driver/local_setup.bash
[0.179s] -- Up-to-date symlink: /home/uylegia/ros2_ws/install/my_gps_driver/share/my_gps_driver/local_setup.sh
[0.180s] -- Up-to-date symlink: /home/uylegia/ros2_ws/install/my_gps_driver/share/my_gps_driver/local_setup.zsh
[0.180s] -- Up-to-date symlink: /home/uylegia/ros2_ws/install/my_gps_driver/share/my_gps_driver/local_setup.dsv
[0.180s] -- Symlinking: /home/uylegia/ros2_ws/install/my_gps_driver/share/my_gps_driver/package.dsv
[0.186s] -- Up-to-date symlink: /home/uylegia/ros2_ws/install/my_gps_driver/share/ament_index/resource_index/packages/my_gps_driver
[0.186s] -- Up-to-date symlink: /home/uylegia/ros2_ws/install/my_gps_driver/share/my_gps_driver/cmake/my_gps_driverConfig.cmake
[0.186s] -- Up-to-date symlink: /home/uylegia/ros2_ws/install/my_gps_driver/share/my_gps_driver/cmake/my_gps_driverConfig-version.cmake
[0.187s] -- Up-to-date symlink: /home/uylegia/ros2_ws/install/my_gps_driver/share/my_gps_driver/package.xml
[0.188s] Invoked command in '/home/uylegia/ros2_ws/build/my_gps_driver' returned '0': CMAKE_PREFIX_PATH=${CMAKE_PREFIX_PATH}:/home/uylegia/ros2_ws/install/my_localization:/opt/ros/humble /usr/bin/cmake --install /home/uylegia/ros2_ws/build/my_gps_driver
