[0.008s] Invoking command in '/home/uylegia/ros2_ws/build/my_car_control': CMAKE_PREFIX_PATH=${CMAKE_PREFIX_PATH}:/home/uylegia/ros2_ws/install/my_localization:/opt/ros/humble /usr/bin/cmake --build /home/uylegia/ros2_ws/build/my_car_control -- -j8 -l8
[0.025s] -- Found ament_cmake: 1.3.12 (/opt/ros/humble/share/ament_cmake/cmake)
[0.116s] -- Override CMake install command with custom implementation using symlinks instead of copying resources
[0.120s] -- Found rclcpp: 16.0.15 (/opt/ros/humble/share/rclcpp/cmake)
[0.141s] -- Found rosidl_generator_c: 3.1.7 (/opt/ros/humble/share/rosidl_generator_c/cmake)
[0.142s] -- Found rosidl_adapter: 3.1.7 (/opt/ros/humble/share/rosidl_adapter/cmake)
[0.147s] -- Found rosidl_generator_cpp: 3.1.7 (/opt/ros/humble/share/rosidl_generator_cpp/cmake)
[0.153s] -- Using all available rosidl_typesupport_c: rosidl_typesupport_fastrtps_c;rosidl_typesupport_introspection_c
[0.161s] -- Using all available rosidl_typesupport_cpp: rosidl_typesupport_fastrtps_cpp;rosidl_typesupport_introspection_cpp
[0.183s] -- Found rmw_implementation_cmake: 6.1.2 (/opt/ros/humble/share/rmw_implementation_cmake/cmake)
[0.184s] -- Found rmw_fastrtps_cpp: 6.2.8 (/opt/ros/humble/share/rmw_fastrtps_cpp/cmake)
[0.261s] -- Using RMW implementation 'rmw_fastrtps_cpp' as default
[0.295s] -- Found nav_msgs: 4.9.0 (/opt/ros/humble/share/nav_msgs/cmake)
[0.315s] -- Found tf2: 0.25.16 (/opt/ros/humble/share/tf2/cmake)
[0.317s] -- Found tf2_geometry_msgs: 0.25.16 (/opt/ros/humble/share/tf2_geometry_msgs/cmake)
[0.319s] -- Found eigen3_cmake_module: 0.1.1 (/opt/ros/humble/share/eigen3_cmake_module/cmake)
[0.320s] -- Ensuring Eigen3 include directory is part of orocos-kdl CMake target
[0.422s] -- Configuring done
[0.429s] -- Generating done
[0.432s] -- Build files have been written to: /home/uylegia/ros2_ws/build/my_car_control
[0.450s] [35m[1mConsolidate compiler generated dependencies of target stanley_controller[0m
[0.461s] [ 50%] [32mBuilding CXX object CMakeFiles/stanley_controller.dir/src/stanley_controller.cpp.o[0m
[6.867s] [100%] [32m[1mLinking CXX executable stanley_controller[0m
[7.186s] [100%] Built target stanley_controller
[7.194s] Invoked command in '/home/uylegia/ros2_ws/build/my_car_control' returned '0': CMAKE_PREFIX_PATH=${CMAKE_PREFIX_PATH}:/home/uylegia/ros2_ws/install/my_localization:/opt/ros/humble /usr/bin/cmake --build /home/uylegia/ros2_ws/build/my_car_control -- -j8 -l8
[7.201s] Invoking command in '/home/uylegia/ros2_ws/build/my_car_control': CMAKE_PREFIX_PATH=${CMAKE_PREFIX_PATH}:/home/uylegia/ros2_ws/install/my_localization:/opt/ros/humble /usr/bin/cmake --install /home/uylegia/ros2_ws/build/my_car_control
[7.205s] -- Install configuration: ""
[7.205s] -- Execute custom install script
[7.206s] -- Up-to-date symlink: /home/uylegia/ros2_ws/install/my_car_control/lib/my_car_control/stanley_controller
[7.206s] -- Up-to-date symlink: /home/uylegia/ros2_ws/install/my_car_control/share/my_car_control/path.csv
[7.206s] -- Up-to-date symlink: /home/uylegia/ros2_ws/install/my_car_control/share/my_car_control/launch/stanley_with_teleop.launch.py
[7.206s] -- Up-to-date symlink: /home/uylegia/ros2_ws/install/my_car_control/share/my_car_control/config/teleop_twist_joy.yaml
[7.206s] -- Up-to-date symlink: /home/uylegia/ros2_ws/install/my_car_control/share/my_car_control/config/twist_mux.yaml
[7.206s] -- Up-to-date symlink: /home/uylegia/ros2_ws/install/my_car_control/share/my_car_control/config/velocity_smoother.yaml
[7.206s] -- Up-to-date symlink: /home/uylegia/ros2_ws/install/my_car_control/share/ament_index/resource_index/package_run_dependencies/my_car_control
[7.206s] -- Up-to-date symlink: /home/uylegia/ros2_ws/install/my_car_control/share/ament_index/resource_index/parent_prefix_path/my_car_control
[7.206s] -- Up-to-date symlink: /home/uylegia/ros2_ws/install/my_car_control/share/my_car_control/environment/ament_prefix_path.sh
[7.206s] -- Up-to-date symlink: /home/uylegia/ros2_ws/install/my_car_control/share/my_car_control/environment/ament_prefix_path.dsv
[7.207s] -- Up-to-date symlink: /home/uylegia/ros2_ws/install/my_car_control/share/my_car_control/environment/path.sh
[7.207s] -- Up-to-date symlink: /home/uylegia/ros2_ws/install/my_car_control/share/my_car_control/environment/path.dsv
[7.207s] -- Up-to-date symlink: /home/uylegia/ros2_ws/install/my_car_control/share/my_car_control/local_setup.bash
[7.207s] -- Up-to-date symlink: /home/uylegia/ros2_ws/install/my_car_control/share/my_car_control/local_setup.sh
[7.207s] -- Up-to-date symlink: /home/uylegia/ros2_ws/install/my_car_control/share/my_car_control/local_setup.zsh
[7.207s] -- Up-to-date symlink: /home/uylegia/ros2_ws/install/my_car_control/share/my_car_control/local_setup.dsv
[7.207s] -- Symlinking: /home/uylegia/ros2_ws/install/my_car_control/share/my_car_control/package.dsv
[7.213s] -- Up-to-date symlink: /home/uylegia/ros2_ws/install/my_car_control/share/ament_index/resource_index/packages/my_car_control
[7.213s] -- Up-to-date symlink: /home/uylegia/ros2_ws/install/my_car_control/share/my_car_control/cmake/my_car_controlConfig.cmake
[7.213s] -- Up-to-date symlink: /home/uylegia/ros2_ws/install/my_car_control/share/my_car_control/cmake/my_car_controlConfig-version.cmake
[7.213s] -- Up-to-date symlink: /home/uylegia/ros2_ws/install/my_car_control/share/my_car_control/package.xml
[7.215s] Invoked command in '/home/uylegia/ros2_ws/build/my_car_control' returned '0': CMAKE_PREFIX_PATH=${CMAKE_PREFIX_PATH}:/home/uylegia/ros2_ws/install/my_localization:/opt/ros/humble /usr/bin/cmake --install /home/uylegia/ros2_ws/build/my_car_control
