running develop
running egg_info
creating my_localization.egg-info
writing my_localization.egg-info/PKG-INFO
writing dependency_links to my_localization.egg-info/dependency_links.txt
writing entry points to my_localization.egg-info/entry_points.txt
writing requirements to my_localization.egg-info/requires.txt
writing top-level names to my_localization.egg-info/top_level.txt
writing manifest file 'my_localization.egg-info/SOURCES.txt'
reading manifest file 'my_localization.egg-info/SOURCES.txt'
writing manifest file 'my_localization.egg-info/SOURCES.txt'
running build_ext
Creating /home/uylegia/ros2_ws/install/my_localization/lib/python3.10/site-packages/my-localization.egg-link (link to .)
Installing fake_gps script to /home/uylegia/ros2_ws/install/my_localization/lib/my_localization
Installing fake_imu script to /home/uylegia/ros2_ws/install/my_localization/lib/my_localization

Installed /home/uylegia/ros2_ws/build/my_localization
running symlink_data
creating /home/uylegia/ros2_ws/install/my_localization/share/ament_index/resource_index/packages
symbolically linking /home/uylegia/ros2_ws/build/my_localization/resource/my_localization -> /home/uylegia/ros2_ws/install/my_localization/share/ament_index/resource_index/packages
symbolically linking /home/uylegia/ros2_ws/build/my_localization/package.xml -> /home/uylegia/ros2_ws/install/my_localization/share/my_localization
creating /home/uylegia/ros2_ws/install/my_localization/share/my_localization/launch
symbolically linking /home/uylegia/ros2_ws/build/my_localization/launch/localization.launch.py -> /home/uylegia/ros2_ws/install/my_localization/share/my_localization/launch
symbolically linking /home/uylegia/ros2_ws/build/my_localization/launch/fake_sensors.launch.py -> /home/uylegia/ros2_ws/install/my_localization/share/my_localization/launch
creating /home/uylegia/ros2_ws/install/my_localization/share/my_localization/config
symbolically linking /home/uylegia/ros2_ws/build/my_localization/config/navsat.yaml -> /home/uylegia/ros2_ws/install/my_localization/share/my_localization/config
symbolically linking /home/uylegia/ros2_ws/build/my_localization/config/ekf.yaml -> /home/uylegia/ros2_ws/install/my_localization/share/my_localization/config
