[0.014s] Invoking command in '/home/uylegia/ros2_ws/build/my_car_control': CMAKE_PREFIX_PATH=${CMAKE_PREFIX_PATH}:/home/uylegia/ros2_ws/install/my_localization:/opt/ros/humble /usr/bin/cmake --build /home/uylegia/ros2_ws/build/my_car_control -- -j8 -l8
[0.044s] [35m[1mConsolidate compiler generated dependencies of target stanley_controller[0m
[0.056s] [100%] Built target stanley_controller
[0.176s] Invoked command in '/home/uylegia/ros2_ws/build/my_car_control' returned '0': CMAKE_PREFIX_PATH=${CMAKE_PREFIX_PATH}:/home/uylegia/ros2_ws/install/my_localization:/opt/ros/humble /usr/bin/cmake --build /home/uylegia/ros2_ws/build/my_car_control -- -j8 -l8
[0.178s] Invoking command in '/home/uylegia/ros2_ws/build/my_car_control': CMAKE_PREFIX_PATH=${CMAKE_PREFIX_PATH}:/home/uylegia/ros2_ws/install/my_localization:/opt/ros/humble /usr/bin/cmake --install /home/uylegia/ros2_ws/build/my_car_control
[0.182s] -- Install configuration: ""
[0.182s] -- Execute custom install script
[0.183s] -- Up-to-date symlink: /home/uylegia/ros2_ws/install/my_car_control/lib/my_car_control/stanley_controller
[0.183s] -- Up-to-date symlink: /home/uylegia/ros2_ws/install/my_car_control/share/my_car_control/path.csv
[0.183s] -- Up-to-date symlink: /home/uylegia/ros2_ws/install/my_car_control/share/my_car_control/launch/stanley_with_teleop.launch.py
[0.183s] -- Symlinking: /home/uylegia/ros2_ws/install/my_car_control/share/my_car_control/config/stanley_params.yaml
[0.189s] -- Up-to-date symlink: /home/uylegia/ros2_ws/install/my_car_control/share/my_car_control/config/teleop_twist_joy.yaml
[0.190s] -- Up-to-date symlink: /home/uylegia/ros2_ws/install/my_car_control/share/my_car_control/config/twist_mux.yaml
[0.190s] -- Up-to-date symlink: /home/uylegia/ros2_ws/install/my_car_control/share/my_car_control/config/velocity_smoother.yaml
[0.190s] -- Up-to-date symlink: /home/uylegia/ros2_ws/install/my_car_control/share/ament_index/resource_index/package_run_dependencies/my_car_control
[0.190s] -- Up-to-date symlink: /home/uylegia/ros2_ws/install/my_car_control/share/ament_index/resource_index/parent_prefix_path/my_car_control
[0.190s] -- Up-to-date symlink: /home/uylegia/ros2_ws/install/my_car_control/share/my_car_control/environment/ament_prefix_path.sh
[0.190s] -- Up-to-date symlink: /home/uylegia/ros2_ws/install/my_car_control/share/my_car_control/environment/ament_prefix_path.dsv
[0.190s] -- Up-to-date symlink: /home/uylegia/ros2_ws/install/my_car_control/share/my_car_control/environment/path.sh
[0.190s] -- Up-to-date symlink: /home/uylegia/ros2_ws/install/my_car_control/share/my_car_control/environment/path.dsv
[0.190s] -- Up-to-date symlink: /home/uylegia/ros2_ws/install/my_car_control/share/my_car_control/local_setup.bash
[0.190s] -- Up-to-date symlink: /home/uylegia/ros2_ws/install/my_car_control/share/my_car_control/local_setup.sh
[0.190s] -- Up-to-date symlink: /home/uylegia/ros2_ws/install/my_car_control/share/my_car_control/local_setup.zsh
[0.191s] -- Up-to-date symlink: /home/uylegia/ros2_ws/install/my_car_control/share/my_car_control/local_setup.dsv
[0.191s] -- Symlinking: /home/uylegia/ros2_ws/install/my_car_control/share/my_car_control/package.dsv
[0.197s] -- Up-to-date symlink: /home/uylegia/ros2_ws/install/my_car_control/share/ament_index/resource_index/packages/my_car_control
[0.197s] -- Up-to-date symlink: /home/uylegia/ros2_ws/install/my_car_control/share/my_car_control/cmake/my_car_controlConfig.cmake
[0.197s] -- Up-to-date symlink: /home/uylegia/ros2_ws/install/my_car_control/share/my_car_control/cmake/my_car_controlConfig-version.cmake
[0.197s] -- Up-to-date symlink: /home/uylegia/ros2_ws/install/my_car_control/share/my_car_control/package.xml
[0.205s] Invoked command in '/home/uylegia/ros2_ws/build/my_car_control' returned '0': CMAKE_PREFIX_PATH=${CMAKE_PREFIX_PATH}:/home/uylegia/ros2_ws/install/my_localization:/opt/ros/humble /usr/bin/cmake --install /home/uylegia/ros2_ws/build/my_car_control
