-- Found ament_cmake: 1.3.12 (/opt/ros/humble/share/ament_cmake/cmake)
-- Override CMake install command with custom implementation using symlinks instead of copying resources
-- Found ament_lint_auto: 0.12.14 (/opt/ros/humble/share/ament_lint_auto/cmake)
-- Added test 'flake8' to check Python code syntax and style conventions
-- Added test 'lint_cmake' to check CMake code style
-- Added test 'pep257' to check Python code against some of the docstring style conventions in PEP 257
-- Added test 'xmllint' to check XML markup files
-- Configuring done
-- Generating done
-- Build files have been written to: /home/uylegia/ros2_ws/build/my_gps_driver
-- Install configuration: ""
-- Execute custom install script
-- Up-to-date symlink: /home/uylegia/ros2_ws/install/my_gps_driver/share/my_gps_driver/launch/gps.launch.py
-- Up-to-date symlink: /home/uylegia/ros2_ws/install/my_gps_driver/share/my_gps_driver/config/neo_m8p.yaml
-- Up-to-date symlink: /home/uylegia/ros2_ws/install/my_gps_driver/share/ament_index/resource_index/package_run_dependencies/my_gps_driver
-- Up-to-date symlink: /home/uylegia/ros2_ws/install/my_gps_driver/share/ament_index/resource_index/parent_prefix_path/my_gps_driver
-- Up-to-date symlink: /home/uylegia/ros2_ws/install/my_gps_driver/share/my_gps_driver/environment/ament_prefix_path.sh
-- Up-to-date symlink: /home/uylegia/ros2_ws/install/my_gps_driver/share/my_gps_driver/environment/ament_prefix_path.dsv
-- Up-to-date symlink: /home/uylegia/ros2_ws/install/my_gps_driver/share/my_gps_driver/environment/path.sh
-- Up-to-date symlink: /home/uylegia/ros2_ws/install/my_gps_driver/share/my_gps_driver/environment/path.dsv
-- Up-to-date symlink: /home/uylegia/ros2_ws/install/my_gps_driver/share/my_gps_driver/local_setup.bash
-- Up-to-date symlink: /home/uylegia/ros2_ws/install/my_gps_driver/share/my_gps_driver/local_setup.sh
-- Up-to-date symlink: /home/uylegia/ros2_ws/install/my_gps_driver/share/my_gps_driver/local_setup.zsh
-- Up-to-date symlink: /home/uylegia/ros2_ws/install/my_gps_driver/share/my_gps_driver/local_setup.dsv
-- Symlinking: /home/uylegia/ros2_ws/install/my_gps_driver/share/my_gps_driver/package.dsv
-- Up-to-date symlink: /home/uylegia/ros2_ws/install/my_gps_driver/share/ament_index/resource_index/packages/my_gps_driver
-- Up-to-date symlink: /home/uylegia/ros2_ws/install/my_gps_driver/share/my_gps_driver/cmake/my_gps_driverConfig.cmake
-- Up-to-date symlink: /home/uylegia/ros2_ws/install/my_gps_driver/share/my_gps_driver/cmake/my_gps_driverConfig-version.cmake
-- Up-to-date symlink: /home/uylegia/ros2_ws/install/my_gps_driver/share/my_gps_driver/package.xml
