[0.011s] Invoking command in '/home/uylegia/ros2_ws/build/my_gps_driver': CMAKE_PREFIX_PATH=${CMAKE_PREFIX_PATH}:/home/uylegia/ros2_ws/install/my_localization:/opt/ros/humble /usr/bin/cmake /home/uylegia/ros2_ws/src/my_gps_driver -DCMAKE_INSTALL_PREFIX=/home/uylegia/ros2_ws/install/my_gps_driver
[0.018s] -- Found ament_cmake: 1.3.12 (/opt/ros/humble/share/ament_cmake/cmake)
[0.112s] -- Override CMake install command with custom implementation using symlinks instead of copying resources
[0.117s] -- Found ament_lint_auto: 0.12.14 (/opt/ros/humble/share/ament_lint_auto/cmake)
[0.171s] -- Added test 'flake8' to check Python code syntax and style conventions
[0.172s] -- Added test 'lint_cmake' to check CMake code style
[0.172s] -- Added test 'pep257' to check Python code against some of the docstring style conventions in PEP 257
[0.172s] -- Added test 'xmllint' to check XML markup files
[0.173s] -- Configuring done
[0.175s] -- Generating done
[0.176s] -- Build files have been written to: /home/uylegia/ros2_ws/build/my_gps_driver
[0.179s] Invoked command in '/home/uylegia/ros2_ws/build/my_gps_driver' returned '0': CMAKE_PREFIX_PATH=${CMAKE_PREFIX_PATH}:/home/uylegia/ros2_ws/install/my_localization:/opt/ros/humble /usr/bin/cmake /home/uylegia/ros2_ws/src/my_gps_driver -DCMAKE_INSTALL_PREFIX=/home/uylegia/ros2_ws/install/my_gps_driver
[0.181s] Invoking command in '/home/uylegia/ros2_ws/build/my_gps_driver': CMAKE_PREFIX_PATH=${CMAKE_PREFIX_PATH}:/home/uylegia/ros2_ws/install/my_localization:/opt/ros/humble /usr/bin/cmake --build /home/uylegia/ros2_ws/build/my_gps_driver -- -j8 -l8
[0.207s] Invoked command in '/home/uylegia/ros2_ws/build/my_gps_driver' returned '0': CMAKE_PREFIX_PATH=${CMAKE_PREFIX_PATH}:/home/uylegia/ros2_ws/install/my_localization:/opt/ros/humble /usr/bin/cmake --build /home/uylegia/ros2_ws/build/my_gps_driver -- -j8 -l8
[0.214s] Invoking command in '/home/uylegia/ros2_ws/build/my_gps_driver': CMAKE_PREFIX_PATH=${CMAKE_PREFIX_PATH}:/home/uylegia/ros2_ws/install/my_localization:/opt/ros/humble /usr/bin/cmake --install /home/uylegia/ros2_ws/build/my_gps_driver
[0.219s] -- Install configuration: ""
[0.219s] -- Execute custom install script
[0.219s] -- Up-to-date symlink: /home/uylegia/ros2_ws/install/my_gps_driver/share/my_gps_driver/launch/gps.launch.py
[0.220s] -- Up-to-date symlink: /home/uylegia/ros2_ws/install/my_gps_driver/share/my_gps_driver/config/neo_m8p.yaml
[0.220s] -- Up-to-date symlink: /home/uylegia/ros2_ws/install/my_gps_driver/share/ament_index/resource_index/package_run_dependencies/my_gps_driver
[0.220s] -- Up-to-date symlink: /home/uylegia/ros2_ws/install/my_gps_driver/share/ament_index/resource_index/parent_prefix_path/my_gps_driver
[0.220s] -- Up-to-date symlink: /home/uylegia/ros2_ws/install/my_gps_driver/share/my_gps_driver/environment/ament_prefix_path.sh
[0.220s] -- Up-to-date symlink: /home/uylegia/ros2_ws/install/my_gps_driver/share/my_gps_driver/environment/ament_prefix_path.dsv
[0.220s] -- Up-to-date symlink: /home/uylegia/ros2_ws/install/my_gps_driver/share/my_gps_driver/environment/path.sh
[0.220s] -- Up-to-date symlink: /home/uylegia/ros2_ws/install/my_gps_driver/share/my_gps_driver/environment/path.dsv
[0.220s] -- Up-to-date symlink: /home/uylegia/ros2_ws/install/my_gps_driver/share/my_gps_driver/local_setup.bash
[0.220s] -- Up-to-date symlink: /home/uylegia/ros2_ws/install/my_gps_driver/share/my_gps_driver/local_setup.sh
[0.220s] -- Up-to-date symlink: /home/uylegia/ros2_ws/install/my_gps_driver/share/my_gps_driver/local_setup.zsh
[0.221s] -- Up-to-date symlink: /home/uylegia/ros2_ws/install/my_gps_driver/share/my_gps_driver/local_setup.dsv
[0.221s] -- Symlinking: /home/uylegia/ros2_ws/install/my_gps_driver/share/my_gps_driver/package.dsv
[0.227s] -- Up-to-date symlink: /home/uylegia/ros2_ws/install/my_gps_driver/share/ament_index/resource_index/packages/my_gps_driver
[0.227s] -- Up-to-date symlink: /home/uylegia/ros2_ws/install/my_gps_driver/share/my_gps_driver/cmake/my_gps_driverConfig.cmake
[0.227s] -- Up-to-date symlink: /home/uylegia/ros2_ws/install/my_gps_driver/share/my_gps_driver/cmake/my_gps_driverConfig-version.cmake
[0.228s] -- Up-to-date symlink: /home/uylegia/ros2_ws/install/my_gps_driver/share/my_gps_driver/package.xml
[0.229s] Invoked command in '/home/uylegia/ros2_ws/build/my_gps_driver' returned '0': CMAKE_PREFIX_PATH=${CMAKE_PREFIX_PATH}:/home/uylegia/ros2_ws/install/my_localization:/opt/ros/humble /usr/bin/cmake --install /home/uylegia/ros2_ws/build/my_gps_driver
