[0.072s] DEBUG:colcon:Command line arguments: ['/usr/bin/colcon', 'build']
[0.072s] DEBUG:colcon:Parsed command line arguments: Namespace(log_base=None, log_level=None, verb_name='build', build_base='build', install_base='install', merge_install=False, symlink_install=False, test_result_base=None, continue_on_error=False, executor='parallel', parallel_workers=8, event_handlers=None, ignore_user_meta=False, metas=['./colcon.meta'], base_paths=['.'], packages_ignore=None, packages_ignore_regex=None, paths=None, packages_up_to=None, packages_up_to_regex=None, packages_above=None, packages_above_and_dependencies=None, packages_above_depth=None, packages_select_by_dep=None, packages_skip_by_dep=None, packages_skip_up_to=None, packages_select_build_failed=False, packages_skip_build_finished=False, packages_select_test_failures=False, packages_skip_test_passed=False, packages_select=None, packages_skip=None, packages_select_regex=None, packages_skip_regex=None, packages_start=None, packages_end=None, allow_overriding=[], cmake_args=None, cmake_target=None, cmake_target_skip_unavailable=False, cmake_clean_cache=False, cmake_clean_first=False, cmake_force_configure=False, ament_cmake_args=None, catkin_cmake_args=None, catkin_skip_building_tests=False, mixin_files=None, mixin=None, verb_parser=<colcon_mixin.mixin.mixin_argument.MixinArgumentDecorator object at 0x76686186bb20>, verb_extension=<colcon_core.verb.build.BuildVerb object at 0x76686186b670>, main=<bound method BuildVerb.main of <colcon_core.verb.build.BuildVerb object at 0x76686186b670>>, mixin_verb=('build',))
[0.098s] Level 1:colcon.colcon_core.package_discovery:discover_packages(colcon_meta) check parameters
[0.098s] Level 1:colcon.colcon_core.package_discovery:discover_packages(recursive) check parameters
[0.098s] Level 1:colcon.colcon_core.package_discovery:discover_packages(ignore) check parameters
[0.098s] Level 1:colcon.colcon_core.package_discovery:discover_packages(path) check parameters
[0.098s] Level 1:colcon.colcon_core.package_discovery:discover_packages(colcon_meta) discover
[0.098s] Level 1:colcon.colcon_core.package_discovery:discover_packages(recursive) discover
[0.098s] INFO:colcon.colcon_core.package_discovery:Crawling recursively for packages in '/home/uylegia/ros2_ws'
[0.098s] Level 1:colcon.colcon_core.package_identification:_identify(.) by extensions ['ignore', 'ignore_ament_install']
[0.099s] Level 1:colcon.colcon_core.package_identification:_identify(.) by extension 'ignore'
[0.099s] Level 1:colcon.colcon_core.package_identification:_identify(.) by extension 'ignore_ament_install'
[0.099s] Level 1:colcon.colcon_core.package_identification:_identify(.) by extensions ['colcon_pkg']
[0.099s] Level 1:colcon.colcon_core.package_identification:_identify(.) by extension 'colcon_pkg'
[0.099s] Level 1:colcon.colcon_core.package_identification:_identify(.) by extensions ['colcon_meta']
[0.099s] Level 1:colcon.colcon_core.package_identification:_identify(.) by extension 'colcon_meta'
[0.099s] Level 1:colcon.colcon_core.package_identification:_identify(.) by extensions ['ros']
[0.099s] Level 1:colcon.colcon_core.package_identification:_identify(.) by extension 'ros'
[0.109s] Level 1:colcon.colcon_core.package_identification:_identify(.) by extensions ['cmake', 'python']
[0.109s] Level 1:colcon.colcon_core.package_identification:_identify(.) by extension 'cmake'
[0.109s] Level 1:colcon.colcon_core.package_identification:_identify(.) by extension 'python'
[0.109s] Level 1:colcon.colcon_core.package_identification:_identify(.) by extensions ['python_setup_py']
[0.109s] Level 1:colcon.colcon_core.package_identification:_identify(.) by extension 'python_setup_py'
[0.109s] Level 1:colcon.colcon_core.package_identification:_identify(build) by extensions ['ignore', 'ignore_ament_install']
[0.109s] Level 1:colcon.colcon_core.package_identification:_identify(build) by extension 'ignore'
[0.109s] Level 1:colcon.colcon_core.package_identification:_identify(build) ignored
[0.109s] Level 1:colcon.colcon_core.package_identification:_identify(install) by extensions ['ignore', 'ignore_ament_install']
[0.109s] Level 1:colcon.colcon_core.package_identification:_identify(install) by extension 'ignore'
[0.109s] Level 1:colcon.colcon_core.package_identification:_identify(install) ignored
[0.109s] Level 1:colcon.colcon_core.package_identification:_identify(log) by extensions ['ignore', 'ignore_ament_install']
[0.109s] Level 1:colcon.colcon_core.package_identification:_identify(log) by extension 'ignore'
[0.109s] Level 1:colcon.colcon_core.package_identification:_identify(log) ignored
[0.109s] Level 1:colcon.colcon_core.package_identification:_identify(src) by extensions ['ignore', 'ignore_ament_install']
[0.110s] Level 1:colcon.colcon_core.package_identification:_identify(src) by extension 'ignore'
[0.110s] Level 1:colcon.colcon_core.package_identification:_identify(src) by extension 'ignore_ament_install'
[0.110s] Level 1:colcon.colcon_core.package_identification:_identify(src) by extensions ['colcon_pkg']
[0.110s] Level 1:colcon.colcon_core.package_identification:_identify(src) by extension 'colcon_pkg'
[0.110s] Level 1:colcon.colcon_core.package_identification:_identify(src) by extensions ['colcon_meta']
[0.110s] Level 1:colcon.colcon_core.package_identification:_identify(src) by extension 'colcon_meta'
[0.110s] Level 1:colcon.colcon_core.package_identification:_identify(src) by extensions ['ros']
[0.110s] Level 1:colcon.colcon_core.package_identification:_identify(src) by extension 'ros'
[0.110s] Level 1:colcon.colcon_core.package_identification:_identify(src) by extensions ['cmake', 'python']
[0.110s] Level 1:colcon.colcon_core.package_identification:_identify(src) by extension 'cmake'
[0.110s] Level 1:colcon.colcon_core.package_identification:_identify(src) by extension 'python'
[0.110s] Level 1:colcon.colcon_core.package_identification:_identify(src) by extensions ['python_setup_py']
[0.110s] Level 1:colcon.colcon_core.package_identification:_identify(src) by extension 'python_setup_py'
[0.110s] Level 1:colcon.colcon_core.package_identification:_identify(src/my_car_control) by extensions ['ignore', 'ignore_ament_install']
[0.110s] Level 1:colcon.colcon_core.package_identification:_identify(src/my_car_control) by extension 'ignore'
[0.110s] Level 1:colcon.colcon_core.package_identification:_identify(src/my_car_control) by extension 'ignore_ament_install'
[0.110s] Level 1:colcon.colcon_core.package_identification:_identify(src/my_car_control) by extensions ['colcon_pkg']
[0.110s] Level 1:colcon.colcon_core.package_identification:_identify(src/my_car_control) by extension 'colcon_pkg'
[0.110s] Level 1:colcon.colcon_core.package_identification:_identify(src/my_car_control) by extensions ['colcon_meta']
[0.110s] Level 1:colcon.colcon_core.package_identification:_identify(src/my_car_control) by extension 'colcon_meta'
[0.110s] Level 1:colcon.colcon_core.package_identification:_identify(src/my_car_control) by extensions ['ros']
[0.110s] Level 1:colcon.colcon_core.package_identification:_identify(src/my_car_control) by extension 'ros'
[0.112s] DEBUG:colcon.colcon_core.package_identification:Package 'src/my_car_control' with type 'ros.ament_cmake' and name 'my_car_control'
[0.112s] Level 1:colcon.colcon_core.package_identification:_identify(src/my_gps_driver) by extensions ['ignore', 'ignore_ament_install']
[0.112s] Level 1:colcon.colcon_core.package_identification:_identify(src/my_gps_driver) by extension 'ignore'
[0.112s] Level 1:colcon.colcon_core.package_identification:_identify(src/my_gps_driver) by extension 'ignore_ament_install'
[0.112s] Level 1:colcon.colcon_core.package_identification:_identify(src/my_gps_driver) by extensions ['colcon_pkg']
[0.113s] Level 1:colcon.colcon_core.package_identification:_identify(src/my_gps_driver) by extension 'colcon_pkg'
[0.113s] Level 1:colcon.colcon_core.package_identification:_identify(src/my_gps_driver) by extensions ['colcon_meta']
[0.113s] Level 1:colcon.colcon_core.package_identification:_identify(src/my_gps_driver) by extension 'colcon_meta'
[0.113s] Level 1:colcon.colcon_core.package_identification:_identify(src/my_gps_driver) by extensions ['ros']
[0.113s] Level 1:colcon.colcon_core.package_identification:_identify(src/my_gps_driver) by extension 'ros'
[0.113s] DEBUG:colcon.colcon_core.package_identification:Package 'src/my_gps_driver' with type 'ros.ament_cmake' and name 'my_gps_driver'
[0.113s] Level 1:colcon.colcon_core.package_identification:_identify(src/my_localization) by extensions ['ignore', 'ignore_ament_install']
[0.113s] Level 1:colcon.colcon_core.package_identification:_identify(src/my_localization) by extension 'ignore'
[0.113s] Level 1:colcon.colcon_core.package_identification:_identify(src/my_localization) by extension 'ignore_ament_install'
[0.113s] Level 1:colcon.colcon_core.package_identification:_identify(src/my_localization) by extensions ['colcon_pkg']
[0.113s] Level 1:colcon.colcon_core.package_identification:_identify(src/my_localization) by extension 'colcon_pkg'
[0.113s] Level 1:colcon.colcon_core.package_identification:_identify(src/my_localization) by extensions ['colcon_meta']
[0.113s] Level 1:colcon.colcon_core.package_identification:_identify(src/my_localization) by extension 'colcon_meta'
[0.113s] Level 1:colcon.colcon_core.package_identification:_identify(src/my_localization) by extensions ['ros']
[0.113s] Level 1:colcon.colcon_core.package_identification:_identify(src/my_localization) by extension 'ros'
[0.114s] DEBUG:colcon.colcon_core.package_identification:Package 'src/my_localization' with type 'ros.ament_python' and name 'my_localization'
[0.114s] Level 1:colcon.colcon_core.package_discovery:discover_packages(recursive) using defaults
[0.114s] Level 1:colcon.colcon_core.package_discovery:discover_packages(ignore) discover
[0.114s] Level 1:colcon.colcon_core.package_discovery:discover_packages(ignore) using defaults
[0.114s] Level 1:colcon.colcon_core.package_discovery:discover_packages(path) discover
[0.114s] Level 1:colcon.colcon_core.package_discovery:discover_packages(path) using defaults
[0.128s] Level 1:colcon.colcon_core.package_discovery:discover_packages(prefix_path) check parameters
[0.128s] Level 1:colcon.colcon_core.package_discovery:discover_packages(prefix_path) discover
[0.129s] DEBUG:colcon.colcon_installed_package_information.package_discovery:Found 3 installed packages in /home/uylegia/ros2_ws/install
[0.130s] DEBUG:colcon.colcon_installed_package_information.package_discovery:Found 368 installed packages in /opt/ros/humble
[0.131s] Level 1:colcon.colcon_core.package_discovery:discover_packages(prefix_path) using defaults
[0.160s] Level 5:colcon.colcon_core.verb:set package 'my_car_control' build argument 'cmake_args' from command line to 'None'
[0.161s] Level 5:colcon.colcon_core.verb:set package 'my_car_control' build argument 'cmake_target' from command line to 'None'
[0.161s] Level 5:colcon.colcon_core.verb:set package 'my_car_control' build argument 'cmake_target_skip_unavailable' from command line to 'False'
[0.161s] Level 5:colcon.colcon_core.verb:set package 'my_car_control' build argument 'cmake_clean_cache' from command line to 'False'
[0.161s] Level 5:colcon.colcon_core.verb:set package 'my_car_control' build argument 'cmake_clean_first' from command line to 'False'
[0.161s] Level 5:colcon.colcon_core.verb:set package 'my_car_control' build argument 'cmake_force_configure' from command line to 'False'
[0.161s] Level 5:colcon.colcon_core.verb:set package 'my_car_control' build argument 'ament_cmake_args' from command line to 'None'
[0.161s] Level 5:colcon.colcon_core.verb:set package 'my_car_control' build argument 'catkin_cmake_args' from command line to 'None'
[0.161s] Level 5:colcon.colcon_core.verb:set package 'my_car_control' build argument 'catkin_skip_building_tests' from command line to 'False'
[0.161s] DEBUG:colcon.colcon_core.verb:Building package 'my_car_control' with the following arguments: {'ament_cmake_args': None, 'build_base': '/home/uylegia/ros2_ws/build/my_car_control', 'catkin_cmake_args': None, 'catkin_skip_building_tests': False, 'cmake_args': None, 'cmake_clean_cache': False, 'cmake_clean_first': False, 'cmake_force_configure': False, 'cmake_target': None, 'cmake_target_skip_unavailable': False, 'install_base': '/home/uylegia/ros2_ws/install/my_car_control', 'merge_install': False, 'path': '/home/uylegia/ros2_ws/src/my_car_control', 'symlink_install': False, 'test_result_base': None}
[0.161s] Level 5:colcon.colcon_core.verb:set package 'my_gps_driver' build argument 'cmake_args' from command line to 'None'
[0.161s] Level 5:colcon.colcon_core.verb:set package 'my_gps_driver' build argument 'cmake_target' from command line to 'None'
[0.161s] Level 5:colcon.colcon_core.verb:set package 'my_gps_driver' build argument 'cmake_target_skip_unavailable' from command line to 'False'
[0.161s] Level 5:colcon.colcon_core.verb:set package 'my_gps_driver' build argument 'cmake_clean_cache' from command line to 'False'
[0.161s] Level 5:colcon.colcon_core.verb:set package 'my_gps_driver' build argument 'cmake_clean_first' from command line to 'False'
[0.161s] Level 5:colcon.colcon_core.verb:set package 'my_gps_driver' build argument 'cmake_force_configure' from command line to 'False'
[0.161s] Level 5:colcon.colcon_core.verb:set package 'my_gps_driver' build argument 'ament_cmake_args' from command line to 'None'
[0.161s] Level 5:colcon.colcon_core.verb:set package 'my_gps_driver' build argument 'catkin_cmake_args' from command line to 'None'
[0.161s] Level 5:colcon.colcon_core.verb:set package 'my_gps_driver' build argument 'catkin_skip_building_tests' from command line to 'False'
[0.161s] DEBUG:colcon.colcon_core.verb:Building package 'my_gps_driver' with the following arguments: {'ament_cmake_args': None, 'build_base': '/home/uylegia/ros2_ws/build/my_gps_driver', 'catkin_cmake_args': None, 'catkin_skip_building_tests': False, 'cmake_args': None, 'cmake_clean_cache': False, 'cmake_clean_first': False, 'cmake_force_configure': False, 'cmake_target': None, 'cmake_target_skip_unavailable': False, 'install_base': '/home/uylegia/ros2_ws/install/my_gps_driver', 'merge_install': False, 'path': '/home/uylegia/ros2_ws/src/my_gps_driver', 'symlink_install': False, 'test_result_base': None}
[0.161s] Level 5:colcon.colcon_core.verb:set package 'my_localization' build argument 'cmake_args' from command line to 'None'
[0.161s] Level 5:colcon.colcon_core.verb:set package 'my_localization' build argument 'cmake_target' from command line to 'None'
[0.161s] Level 5:colcon.colcon_core.verb:set package 'my_localization' build argument 'cmake_target_skip_unavailable' from command line to 'False'
[0.161s] Level 5:colcon.colcon_core.verb:set package 'my_localization' build argument 'cmake_clean_cache' from command line to 'False'
[0.161s] Level 5:colcon.colcon_core.verb:set package 'my_localization' build argument 'cmake_clean_first' from command line to 'False'
[0.161s] Level 5:colcon.colcon_core.verb:set package 'my_localization' build argument 'cmake_force_configure' from command line to 'False'
[0.161s] Level 5:colcon.colcon_core.verb:set package 'my_localization' build argument 'ament_cmake_args' from command line to 'None'
[0.161s] Level 5:colcon.colcon_core.verb:set package 'my_localization' build argument 'catkin_cmake_args' from command line to 'None'
[0.161s] Level 5:colcon.colcon_core.verb:set package 'my_localization' build argument 'catkin_skip_building_tests' from command line to 'False'
[0.161s] DEBUG:colcon.colcon_core.verb:Building package 'my_localization' with the following arguments: {'ament_cmake_args': None, 'build_base': '/home/uylegia/ros2_ws/build/my_localization', 'catkin_cmake_args': None, 'catkin_skip_building_tests': False, 'cmake_args': None, 'cmake_clean_cache': False, 'cmake_clean_first': False, 'cmake_force_configure': False, 'cmake_target': None, 'cmake_target_skip_unavailable': False, 'install_base': '/home/uylegia/ros2_ws/install/my_localization', 'merge_install': False, 'path': '/home/uylegia/ros2_ws/src/my_localization', 'symlink_install': False, 'test_result_base': None}
[0.162s] INFO:colcon.colcon_core.executor:Executing jobs using 'parallel' executor
[0.162s] DEBUG:colcon.colcon_parallel_executor.executor.parallel:run_until_complete
[0.163s] INFO:colcon.colcon_ros.task.ament_cmake.build:Building ROS package in '/home/uylegia/ros2_ws/src/my_car_control' with build type 'ament_cmake'
[0.163s] INFO:colcon.colcon_cmake.task.cmake.build:Building CMake package in '/home/uylegia/ros2_ws/src/my_car_control'
[0.164s] INFO:colcon.colcon_core.plugin_system:Skipping extension 'colcon_core.shell.bat': Not used on non-Windows systems
[0.164s] INFO:colcon.colcon_core.shell:Skip shell extension 'powershell' for command environment: Not usable outside of PowerShell
[0.164s] DEBUG:colcon.colcon_core.shell:Skip shell extension 'dsv' for command environment
[0.167s] INFO:colcon.colcon_ros.task.ament_cmake.build:Building ROS package in '/home/uylegia/ros2_ws/src/my_gps_driver' with build type 'ament_cmake'
[0.167s] INFO:colcon.colcon_cmake.task.cmake.build:Building CMake package in '/home/uylegia/ros2_ws/src/my_gps_driver'
[0.167s] INFO:colcon.colcon_core.shell:Skip shell extension 'powershell' for command environment: Not usable outside of PowerShell
[0.167s] DEBUG:colcon.colcon_core.shell:Skip shell extension 'dsv' for command environment
[0.169s] INFO:colcon.colcon_ros.task.ament_python.build:Building ROS package in '/home/uylegia/ros2_ws/src/my_localization' with build type 'ament_python'
[0.169s] Level 1:colcon.colcon_core.shell:create_environment_hook('my_localization', 'ament_prefix_path')
[0.170s] INFO:colcon.colcon_core.shell:Creating environment hook '/home/uylegia/ros2_ws/install/my_localization/share/my_localization/hook/ament_prefix_path.ps1'
[0.170s] INFO:colcon.colcon_core.shell:Creating environment descriptor '/home/uylegia/ros2_ws/install/my_localization/share/my_localization/hook/ament_prefix_path.dsv'
[0.170s] INFO:colcon.colcon_core.shell:Creating environment hook '/home/uylegia/ros2_ws/install/my_localization/share/my_localization/hook/ament_prefix_path.sh'
[0.171s] INFO:colcon.colcon_core.shell:Skip shell extension 'powershell' for command environment: Not usable outside of PowerShell
[0.171s] DEBUG:colcon.colcon_core.shell:Skip shell extension 'dsv' for command environment
[0.177s] DEBUG:colcon.colcon_core.event_handler.log_command:Invoking command in '/home/uylegia/ros2_ws/build/my_car_control': CMAKE_PREFIX_PATH=${CMAKE_PREFIX_PATH}:/home/uylegia/ros2_ws/install/my_localization:/opt/ros/humble /usr/bin/cmake --build /home/uylegia/ros2_ws/build/my_car_control -- -j8 -l8
[0.179s] DEBUG:colcon.colcon_core.event_handler.log_command:Invoking command in '/home/uylegia/ros2_ws/build/my_gps_driver': CMAKE_PREFIX_PATH=${CMAKE_PREFIX_PATH}:/home/uylegia/ros2_ws/install/my_localization:/opt/ros/humble /usr/bin/cmake --build /home/uylegia/ros2_ws/build/my_gps_driver -- -j8 -l8
[0.328s] INFO:colcon.colcon_core.task.python.build:Building Python package in '/home/uylegia/ros2_ws/src/my_localization'
[0.329s] INFO:colcon.colcon_core.shell:Skip shell extension 'powershell' for command environment: Not usable outside of PowerShell
[0.329s] DEBUG:colcon.colcon_core.shell:Skip shell extension 'dsv' for command environment
[0.332s] DEBUG:colcon.colcon_core.event_handler.log_command:Invoked command in '/home/uylegia/ros2_ws/build/my_gps_driver' returned '0': CMAKE_PREFIX_PATH=${CMAKE_PREFIX_PATH}:/home/uylegia/ros2_ws/install/my_localization:/opt/ros/humble /usr/bin/cmake --build /home/uylegia/ros2_ws/build/my_gps_driver -- -j8 -l8
[0.339s] DEBUG:colcon.colcon_core.event_handler.log_command:Invoking command in '/home/uylegia/ros2_ws/build/my_gps_driver': CMAKE_PREFIX_PATH=${CMAKE_PREFIX_PATH}:/home/uylegia/ros2_ws/install/my_localization:/opt/ros/humble /usr/bin/cmake --install /home/uylegia/ros2_ws/build/my_gps_driver
[0.339s] DEBUG:colcon.colcon_core.event_handler.log_command:Invoked command in '/home/uylegia/ros2_ws/build/my_car_control' returned '0': CMAKE_PREFIX_PATH=${CMAKE_PREFIX_PATH}:/home/uylegia/ros2_ws/install/my_localization:/opt/ros/humble /usr/bin/cmake --build /home/uylegia/ros2_ws/build/my_car_control -- -j8 -l8
[0.341s] DEBUG:colcon.colcon_core.event_handler.log_command:Invoking command in '/home/uylegia/ros2_ws/build/my_car_control': CMAKE_PREFIX_PATH=${CMAKE_PREFIX_PATH}:/home/uylegia/ros2_ws/install/my_localization:/opt/ros/humble /usr/bin/cmake --install /home/uylegia/ros2_ws/build/my_car_control
[0.355s] Level 1:colcon.colcon_core.environment:create_environment_scripts_only(my_gps_driver)
[0.355s] DEBUG:colcon.colcon_core.event_handler.log_command:Invoked command in '/home/uylegia/ros2_ws/build/my_gps_driver' returned '0': CMAKE_PREFIX_PATH=${CMAKE_PREFIX_PATH}:/home/uylegia/ros2_ws/install/my_localization:/opt/ros/humble /usr/bin/cmake --install /home/uylegia/ros2_ws/build/my_gps_driver
[0.357s] Level 1:colcon.colcon_core.environment:checking '/home/uylegia/ros2_ws/install/my_gps_driver' for CMake module files
[0.357s] Level 1:colcon.colcon_core.environment:checking '/home/uylegia/ros2_ws/install/my_gps_driver' for CMake config files
[0.357s] Level 1:colcon.colcon_core.shell:create_environment_hook('my_gps_driver', 'cmake_prefix_path')
[0.358s] INFO:colcon.colcon_core.shell:Creating environment hook '/home/uylegia/ros2_ws/install/my_gps_driver/share/my_gps_driver/hook/cmake_prefix_path.ps1'
[0.358s] INFO:colcon.colcon_core.shell:Creating environment descriptor '/home/uylegia/ros2_ws/install/my_gps_driver/share/my_gps_driver/hook/cmake_prefix_path.dsv'
[0.358s] INFO:colcon.colcon_core.shell:Creating environment hook '/home/uylegia/ros2_ws/install/my_gps_driver/share/my_gps_driver/hook/cmake_prefix_path.sh'
[0.359s] Level 1:colcon.colcon_core.environment:checking '/home/uylegia/ros2_ws/install/my_gps_driver/bin'
[0.359s] Level 1:colcon.colcon_core.environment:checking '/home/uylegia/ros2_ws/install/my_gps_driver/lib/pkgconfig/my_gps_driver.pc'
[0.359s] Level 1:colcon.colcon_core.environment:checking '/home/uylegia/ros2_ws/install/my_gps_driver/lib/python3.10/site-packages'
[0.359s] Level 1:colcon.colcon_core.environment:checking '/home/uylegia/ros2_ws/install/my_gps_driver/bin'
[0.359s] INFO:colcon.colcon_core.shell:Creating package script '/home/uylegia/ros2_ws/install/my_gps_driver/share/my_gps_driver/package.ps1'
[0.360s] INFO:colcon.colcon_core.shell:Creating package descriptor '/home/uylegia/ros2_ws/install/my_gps_driver/share/my_gps_driver/package.dsv'
[0.361s] INFO:colcon.colcon_core.shell:Creating package script '/home/uylegia/ros2_ws/install/my_gps_driver/share/my_gps_driver/package.sh'
[0.361s] INFO:colcon.colcon_core.shell:Creating package script '/home/uylegia/ros2_ws/install/my_gps_driver/share/my_gps_driver/package.bash'
[0.362s] INFO:colcon.colcon_core.shell:Creating package script '/home/uylegia/ros2_ws/install/my_gps_driver/share/my_gps_driver/package.zsh'
[0.362s] Level 1:colcon.colcon_core.environment:create_file_with_runtime_dependencies(/home/uylegia/ros2_ws/install/my_gps_driver/share/colcon-core/packages/my_gps_driver)
[0.363s] Level 1:colcon.colcon_core.environment:create_environment_scripts_only(my_gps_driver)
[0.363s] Level 1:colcon.colcon_core.environment:checking '/home/uylegia/ros2_ws/install/my_gps_driver' for CMake module files
[0.363s] Level 1:colcon.colcon_core.environment:checking '/home/uylegia/ros2_ws/install/my_gps_driver' for CMake config files
[0.363s] Level 1:colcon.colcon_core.shell:create_environment_hook('my_gps_driver', 'cmake_prefix_path')
[0.363s] INFO:colcon.colcon_core.shell:Creating environment hook '/home/uylegia/ros2_ws/install/my_gps_driver/share/my_gps_driver/hook/cmake_prefix_path.ps1'
[0.364s] INFO:colcon.colcon_core.shell:Creating environment descriptor '/home/uylegia/ros2_ws/install/my_gps_driver/share/my_gps_driver/hook/cmake_prefix_path.dsv'
[0.364s] INFO:colcon.colcon_core.shell:Creating environment hook '/home/uylegia/ros2_ws/install/my_gps_driver/share/my_gps_driver/hook/cmake_prefix_path.sh'
[0.364s] Level 1:colcon.colcon_core.environment:checking '/home/uylegia/ros2_ws/install/my_gps_driver/bin'
[0.364s] Level 1:colcon.colcon_core.environment:checking '/home/uylegia/ros2_ws/install/my_gps_driver/lib/pkgconfig/my_gps_driver.pc'
[0.364s] Level 1:colcon.colcon_core.environment:checking '/home/uylegia/ros2_ws/install/my_gps_driver/lib/python3.10/site-packages'
[0.365s] Level 1:colcon.colcon_core.environment:checking '/home/uylegia/ros2_ws/install/my_gps_driver/bin'
[0.365s] INFO:colcon.colcon_core.shell:Creating package script '/home/uylegia/ros2_ws/install/my_gps_driver/share/my_gps_driver/package.ps1'
[0.365s] INFO:colcon.colcon_core.shell:Creating package descriptor '/home/uylegia/ros2_ws/install/my_gps_driver/share/my_gps_driver/package.dsv'
[0.366s] INFO:colcon.colcon_core.shell:Creating package script '/home/uylegia/ros2_ws/install/my_gps_driver/share/my_gps_driver/package.sh'
[0.366s] INFO:colcon.colcon_core.shell:Creating package script '/home/uylegia/ros2_ws/install/my_gps_driver/share/my_gps_driver/package.bash'
[0.366s] INFO:colcon.colcon_core.shell:Creating package script '/home/uylegia/ros2_ws/install/my_gps_driver/share/my_gps_driver/package.zsh'
[0.367s] Level 1:colcon.colcon_core.environment:create_file_with_runtime_dependencies(/home/uylegia/ros2_ws/install/my_gps_driver/share/colcon-core/packages/my_gps_driver)
[0.367s] Level 1:colcon.colcon_core.environment:create_environment_scripts_only(my_car_control)
[0.367s] Level 1:colcon.colcon_core.environment:checking '/home/uylegia/ros2_ws/install/my_car_control' for CMake module files
[0.368s] DEBUG:colcon.colcon_core.event_handler.log_command:Invoked command in '/home/uylegia/ros2_ws/build/my_car_control' returned '0': CMAKE_PREFIX_PATH=${CMAKE_PREFIX_PATH}:/home/uylegia/ros2_ws/install/my_localization:/opt/ros/humble /usr/bin/cmake --install /home/uylegia/ros2_ws/build/my_car_control
[0.368s] Level 1:colcon.colcon_core.environment:checking '/home/uylegia/ros2_ws/install/my_car_control' for CMake config files
[0.368s] Level 1:colcon.colcon_core.shell:create_environment_hook('my_car_control', 'cmake_prefix_path')
[0.368s] INFO:colcon.colcon_core.shell:Creating environment hook '/home/uylegia/ros2_ws/install/my_car_control/share/my_car_control/hook/cmake_prefix_path.ps1'
[0.369s] INFO:colcon.colcon_core.shell:Creating environment descriptor '/home/uylegia/ros2_ws/install/my_car_control/share/my_car_control/hook/cmake_prefix_path.dsv'
[0.369s] INFO:colcon.colcon_core.shell:Creating environment hook '/home/uylegia/ros2_ws/install/my_car_control/share/my_car_control/hook/cmake_prefix_path.sh'
[0.369s] Level 1:colcon.colcon_core.environment:checking '/home/uylegia/ros2_ws/install/my_car_control/lib'
[0.369s] Level 1:colcon.colcon_core.environment:checking '/home/uylegia/ros2_ws/install/my_car_control/bin'
[0.369s] Level 1:colcon.colcon_core.environment:checking '/home/uylegia/ros2_ws/install/my_car_control/lib/pkgconfig/my_car_control.pc'
[0.370s] Level 1:colcon.colcon_core.environment:checking '/home/uylegia/ros2_ws/install/my_car_control/lib/python3.10/site-packages'
[0.370s] Level 1:colcon.colcon_core.environment:checking '/home/uylegia/ros2_ws/install/my_car_control/bin'
[0.370s] INFO:colcon.colcon_core.shell:Creating package script '/home/uylegia/ros2_ws/install/my_car_control/share/my_car_control/package.ps1'
[0.370s] INFO:colcon.colcon_core.shell:Creating package descriptor '/home/uylegia/ros2_ws/install/my_car_control/share/my_car_control/package.dsv'
[0.371s] INFO:colcon.colcon_core.shell:Creating package script '/home/uylegia/ros2_ws/install/my_car_control/share/my_car_control/package.sh'
[0.371s] INFO:colcon.colcon_core.shell:Creating package script '/home/uylegia/ros2_ws/install/my_car_control/share/my_car_control/package.bash'
[0.371s] INFO:colcon.colcon_core.shell:Creating package script '/home/uylegia/ros2_ws/install/my_car_control/share/my_car_control/package.zsh'
[0.371s] Level 1:colcon.colcon_core.environment:create_file_with_runtime_dependencies(/home/uylegia/ros2_ws/install/my_car_control/share/colcon-core/packages/my_car_control)
[0.372s] Level 1:colcon.colcon_core.environment:create_environment_scripts_only(my_car_control)
[0.372s] Level 1:colcon.colcon_core.environment:checking '/home/uylegia/ros2_ws/install/my_car_control' for CMake module files
[0.372s] Level 1:colcon.colcon_core.environment:checking '/home/uylegia/ros2_ws/install/my_car_control' for CMake config files
[0.372s] Level 1:colcon.colcon_core.shell:create_environment_hook('my_car_control', 'cmake_prefix_path')
[0.372s] INFO:colcon.colcon_core.shell:Creating environment hook '/home/uylegia/ros2_ws/install/my_car_control/share/my_car_control/hook/cmake_prefix_path.ps1'
[0.373s] INFO:colcon.colcon_core.shell:Creating environment descriptor '/home/uylegia/ros2_ws/install/my_car_control/share/my_car_control/hook/cmake_prefix_path.dsv'
[0.373s] INFO:colcon.colcon_core.shell:Creating environment hook '/home/uylegia/ros2_ws/install/my_car_control/share/my_car_control/hook/cmake_prefix_path.sh'
[0.373s] Level 1:colcon.colcon_core.environment:checking '/home/uylegia/ros2_ws/install/my_car_control/lib'
[0.373s] Level 1:colcon.colcon_core.environment:checking '/home/uylegia/ros2_ws/install/my_car_control/bin'
[0.373s] Level 1:colcon.colcon_core.environment:checking '/home/uylegia/ros2_ws/install/my_car_control/lib/pkgconfig/my_car_control.pc'
[0.374s] Level 1:colcon.colcon_core.environment:checking '/home/uylegia/ros2_ws/install/my_car_control/lib/python3.10/site-packages'
[0.374s] Level 1:colcon.colcon_core.environment:checking '/home/uylegia/ros2_ws/install/my_car_control/bin'
[0.374s] INFO:colcon.colcon_core.shell:Creating package script '/home/uylegia/ros2_ws/install/my_car_control/share/my_car_control/package.ps1'
[0.374s] INFO:colcon.colcon_core.shell:Creating package descriptor '/home/uylegia/ros2_ws/install/my_car_control/share/my_car_control/package.dsv'
[0.375s] INFO:colcon.colcon_core.shell:Creating package script '/home/uylegia/ros2_ws/install/my_car_control/share/my_car_control/package.sh'
[0.375s] INFO:colcon.colcon_core.shell:Creating package script '/home/uylegia/ros2_ws/install/my_car_control/share/my_car_control/package.bash'
[0.375s] INFO:colcon.colcon_core.shell:Creating package script '/home/uylegia/ros2_ws/install/my_car_control/share/my_car_control/package.zsh'
[0.375s] Level 1:colcon.colcon_core.environment:create_file_with_runtime_dependencies(/home/uylegia/ros2_ws/install/my_car_control/share/colcon-core/packages/my_car_control)
[0.836s] DEBUG:colcon.colcon_core.event_handler.log_command:Invoking command in '/home/uylegia/ros2_ws/src/my_localization': PYTHONPATH=/home/uylegia/ros2_ws/build/my_localization/prefix_override:/usr/lib/python3/dist-packages/colcon_core/task/python/colcon_distutils_commands:/home/uylegia/ros2_ws/install/my_localization/lib/python3.10/site-packages:${PYTHONPATH} /usr/bin/python3 -W ignore:setup.py install is deprecated -W ignore:easy_install command is deprecated setup.py egg_info --egg-base ../../build/my_localization build --build-base /home/uylegia/ros2_ws/build/my_localization/build install --record /home/uylegia/ros2_ws/build/my_localization/install.log --single-version-externally-managed install_data
[1.176s] Level 1:colcon.colcon_core.environment:checking '/home/uylegia/ros2_ws/install/my_localization' for CMake module files
[1.177s] DEBUG:colcon.colcon_core.event_handler.log_command:Invoked command in '/home/uylegia/ros2_ws/src/my_localization' returned '0': PYTHONPATH=/home/uylegia/ros2_ws/build/my_localization/prefix_override:/usr/lib/python3/dist-packages/colcon_core/task/python/colcon_distutils_commands:/home/uylegia/ros2_ws/install/my_localization/lib/python3.10/site-packages:${PYTHONPATH} /usr/bin/python3 -W ignore:setup.py install is deprecated -W ignore:easy_install command is deprecated setup.py egg_info --egg-base ../../build/my_localization build --build-base /home/uylegia/ros2_ws/build/my_localization/build install --record /home/uylegia/ros2_ws/build/my_localization/install.log --single-version-externally-managed install_data
[1.177s] Level 1:colcon.colcon_core.environment:checking '/home/uylegia/ros2_ws/install/my_localization' for CMake config files
[1.178s] Level 1:colcon.colcon_core.environment:checking '/home/uylegia/ros2_ws/install/my_localization/lib'
[1.178s] Level 1:colcon.colcon_core.environment:checking '/home/uylegia/ros2_ws/install/my_localization/bin'
[1.178s] Level 1:colcon.colcon_core.environment:checking '/home/uylegia/ros2_ws/install/my_localization/lib/pkgconfig/my_localization.pc'
[1.178s] Level 1:colcon.colcon_core.environment:checking '/home/uylegia/ros2_ws/install/my_localization/lib/python3.10/site-packages'
[1.178s] Level 1:colcon.colcon_core.shell:create_environment_hook('my_localization', 'pythonpath')
[1.178s] INFO:colcon.colcon_core.shell:Creating environment hook '/home/uylegia/ros2_ws/install/my_localization/share/my_localization/hook/pythonpath.ps1'
[1.178s] INFO:colcon.colcon_core.shell:Creating environment descriptor '/home/uylegia/ros2_ws/install/my_localization/share/my_localization/hook/pythonpath.dsv'
[1.179s] INFO:colcon.colcon_core.shell:Creating environment hook '/home/uylegia/ros2_ws/install/my_localization/share/my_localization/hook/pythonpath.sh'
[1.179s] Level 1:colcon.colcon_core.environment:checking '/home/uylegia/ros2_ws/install/my_localization/bin'
[1.179s] Level 1:colcon.colcon_core.environment:create_environment_scripts_only(my_localization)
[1.179s] INFO:colcon.colcon_core.shell:Creating package script '/home/uylegia/ros2_ws/install/my_localization/share/my_localization/package.ps1'
[1.180s] INFO:colcon.colcon_core.shell:Creating package descriptor '/home/uylegia/ros2_ws/install/my_localization/share/my_localization/package.dsv'
[1.180s] INFO:colcon.colcon_core.shell:Creating package script '/home/uylegia/ros2_ws/install/my_localization/share/my_localization/package.sh'
[1.180s] INFO:colcon.colcon_core.shell:Creating package script '/home/uylegia/ros2_ws/install/my_localization/share/my_localization/package.bash'
[1.180s] INFO:colcon.colcon_core.shell:Creating package script '/home/uylegia/ros2_ws/install/my_localization/share/my_localization/package.zsh'
[1.181s] Level 1:colcon.colcon_core.environment:create_file_with_runtime_dependencies(/home/uylegia/ros2_ws/install/my_localization/share/colcon-core/packages/my_localization)
[1.181s] DEBUG:colcon.colcon_parallel_executor.executor.parallel:closing loop
[1.181s] DEBUG:colcon.colcon_parallel_executor.executor.parallel:loop closed
[1.181s] DEBUG:colcon.colcon_parallel_executor.executor.parallel:run_until_complete finished with '0'
[1.181s] DEBUG:colcon.colcon_core.event_reactor:joining thread
[1.193s] INFO:colcon.colcon_core.plugin_system:Skipping extension 'colcon_notification.desktop_notification.terminal_notifier': Not used on non-Darwin systems
[1.193s] INFO:colcon.colcon_core.plugin_system:Skipping extension 'colcon_notification.desktop_notification.win32': Not used on non-Windows systems
[1.193s] INFO:colcon.colcon_notification.desktop_notification:Sending desktop notification using 'notify2'
[1.203s] DEBUG:colcon.colcon_core.event_reactor:joined thread
[1.204s] INFO:colcon.colcon_core.shell:Creating prefix script '/home/uylegia/ros2_ws/install/local_setup.ps1'
[1.205s] INFO:colcon.colcon_core.shell:Creating prefix util module '/home/uylegia/ros2_ws/install/_local_setup_util_ps1.py'
[1.207s] INFO:colcon.colcon_core.shell:Creating prefix chain script '/home/uylegia/ros2_ws/install/setup.ps1'
[1.208s] INFO:colcon.colcon_core.shell:Creating prefix script '/home/uylegia/ros2_ws/install/local_setup.sh'
[1.208s] INFO:colcon.colcon_core.shell:Creating prefix util module '/home/uylegia/ros2_ws/install/_local_setup_util_sh.py'
[1.209s] INFO:colcon.colcon_core.shell:Creating prefix chain script '/home/uylegia/ros2_ws/install/setup.sh'
[1.209s] INFO:colcon.colcon_core.shell:Creating prefix script '/home/uylegia/ros2_ws/install/local_setup.bash'
[1.210s] INFO:colcon.colcon_core.shell:Creating prefix chain script '/home/uylegia/ros2_ws/install/setup.bash'
[1.210s] INFO:colcon.colcon_core.shell:Creating prefix script '/home/uylegia/ros2_ws/install/local_setup.zsh'
[1.211s] INFO:colcon.colcon_core.shell:Creating prefix chain script '/home/uylegia/ros2_ws/install/setup.zsh'
