[0.010s] Invoking command in '/home/uylegia/ros2_ws/build/my_gps_driver': CMAKE_PREFIX_PATH=${CMAKE_PREFIX_PATH}:/home/uylegia/ros2_ws/install/my_localization:/opt/ros/humble /usr/bin/cmake /home/uylegia/ros2_ws/src/my_gps_driver -DAMENT_CMAKE_SYMLINK_INSTALL=1 -DCMAKE_INSTALL_PREFIX=/home/uylegia/ros2_ws/install/my_gps_driver
[0.048s] -- The C compiler identification is GNU 11.4.0
[0.091s] -- The CXX compiler identification is GNU 11.4.0
[0.098s] -- Detecting C compiler ABI info
[0.139s] -- Detecting C compiler ABI info - done
[0.145s] -- Check for working C compiler: /usr/lib/ccache/cc - skipped
[0.145s] -- Detecting C compile features
[0.145s] -- Detecting C compile features - done
[0.148s] -- Detecting CXX compiler ABI info
[0.198s] -- Detecting CXX compiler ABI info - done
[0.208s] -- Check for working CXX compiler: /usr/lib/ccache/c++ - skipped
[0.209s] -- Detecting CXX compile features
[0.209s] -- Detecting CXX compile features - done
[0.212s] -- Found ament_cmake: 1.3.12 (/opt/ros/humble/share/ament_cmake/cmake)
[0.503s] -- Found Python3: /usr/bin/python3 (found version "3.10.12") found components: Interpreter 
[0.554s] -- Override CMake install command with custom implementation using symlinks instead of copying resources
[0.581s] -- Found ament_lint_auto: 0.12.14 (/opt/ros/humble/share/ament_lint_auto/cmake)
[0.649s] -- Added test 'flake8' to check Python code syntax and style conventions
[0.649s] -- Added test 'lint_cmake' to check CMake code style
[0.650s] -- Added test 'pep257' to check Python code against some of the docstring style conventions in PEP 257
[0.651s] -- Added test 'xmllint' to check XML markup files
[0.652s] -- Configuring done
[0.655s] -- Generating done
[0.657s] -- Build files have been written to: /home/uylegia/ros2_ws/build/my_gps_driver
[0.661s] Invoked command in '/home/uylegia/ros2_ws/build/my_gps_driver' returned '0': CMAKE_PREFIX_PATH=${CMAKE_PREFIX_PATH}:/home/uylegia/ros2_ws/install/my_localization:/opt/ros/humble /usr/bin/cmake /home/uylegia/ros2_ws/src/my_gps_driver -DAMENT_CMAKE_SYMLINK_INSTALL=1 -DCMAKE_INSTALL_PREFIX=/home/uylegia/ros2_ws/install/my_gps_driver
[0.662s] Invoking command in '/home/uylegia/ros2_ws/build/my_gps_driver': CMAKE_PREFIX_PATH=${CMAKE_PREFIX_PATH}:/home/uylegia/ros2_ws/install/my_localization:/opt/ros/humble /usr/bin/cmake --build /home/uylegia/ros2_ws/build/my_gps_driver -- -j8 -l8
[0.688s] Invoked command in '/home/uylegia/ros2_ws/build/my_gps_driver' returned '0': CMAKE_PREFIX_PATH=${CMAKE_PREFIX_PATH}:/home/uylegia/ros2_ws/install/my_localization:/opt/ros/humble /usr/bin/cmake --build /home/uylegia/ros2_ws/build/my_gps_driver -- -j8 -l8
[0.695s] Invoking command in '/home/uylegia/ros2_ws/build/my_gps_driver': CMAKE_PREFIX_PATH=${CMAKE_PREFIX_PATH}:/home/uylegia/ros2_ws/install/my_localization:/opt/ros/humble /usr/bin/cmake --install /home/uylegia/ros2_ws/build/my_gps_driver
[0.700s] -- Install configuration: ""
[0.701s] -- Execute custom install script
[0.701s] -- Symlinking: /home/uylegia/ros2_ws/install/my_gps_driver/share/my_gps_driver/launch/gps.launch.py
[0.707s] -- Symlinking: /home/uylegia/ros2_ws/install/my_gps_driver/share/my_gps_driver/config/neo_m8p.yaml
[0.713s] -- Symlinking: /home/uylegia/ros2_ws/install/my_gps_driver/share/ament_index/resource_index/package_run_dependencies/my_gps_driver
[0.719s] -- Symlinking: /home/uylegia/ros2_ws/install/my_gps_driver/share/ament_index/resource_index/parent_prefix_path/my_gps_driver
[0.726s] -- Symlinking: /home/uylegia/ros2_ws/install/my_gps_driver/share/my_gps_driver/environment/ament_prefix_path.sh
[0.732s] -- Symlinking: /home/uylegia/ros2_ws/install/my_gps_driver/share/my_gps_driver/environment/ament_prefix_path.dsv
[0.739s] -- Symlinking: /home/uylegia/ros2_ws/install/my_gps_driver/share/my_gps_driver/environment/path.sh
[0.745s] -- Symlinking: /home/uylegia/ros2_ws/install/my_gps_driver/share/my_gps_driver/environment/path.dsv
[0.751s] -- Symlinking: /home/uylegia/ros2_ws/install/my_gps_driver/share/my_gps_driver/local_setup.bash
[0.757s] -- Symlinking: /home/uylegia/ros2_ws/install/my_gps_driver/share/my_gps_driver/local_setup.sh
[0.763s] -- Symlinking: /home/uylegia/ros2_ws/install/my_gps_driver/share/my_gps_driver/local_setup.zsh
[0.769s] -- Symlinking: /home/uylegia/ros2_ws/install/my_gps_driver/share/my_gps_driver/local_setup.dsv
[0.775s] -- Symlinking: /home/uylegia/ros2_ws/install/my_gps_driver/share/my_gps_driver/package.dsv
[0.781s] -- Symlinking: /home/uylegia/ros2_ws/install/my_gps_driver/share/ament_index/resource_index/packages/my_gps_driver
[0.787s] -- Symlinking: /home/uylegia/ros2_ws/install/my_gps_driver/share/my_gps_driver/cmake/my_gps_driverConfig.cmake
[0.793s] -- Symlinking: /home/uylegia/ros2_ws/install/my_gps_driver/share/my_gps_driver/cmake/my_gps_driverConfig-version.cmake
[0.799s] -- Symlinking: /home/uylegia/ros2_ws/install/my_gps_driver/share/my_gps_driver/package.xml
[0.807s] Invoked command in '/home/uylegia/ros2_ws/build/my_gps_driver' returned '0': CMAKE_PREFIX_PATH=${CMAKE_PREFIX_PATH}:/home/uylegia/ros2_ws/install/my_localization:/opt/ros/humble /usr/bin/cmake --install /home/uylegia/ros2_ws/build/my_gps_driver
