[0.013s] Invoking command in '/home/uylegia/ros2_ws/build/my_car_control': CMAKE_PREFIX_PATH=${CMAKE_PREFIX_PATH}:/home/uylegia/ros2_ws/install/my_localization:/opt/ros/humble /usr/bin/cmake --build /home/uylegia/ros2_ws/build/my_car_control -- -j8 -l8
[0.052s] [ 50%] [32mBuilding CXX object CMakeFiles/stanley_controller.dir/src/stanley_controller.cpp.o[0m
[6.434s] [100%] [32m[1mLinking CXX executable stanley_controller[0m
[6.768s] [100%] Built target stanley_controller
[6.775s] Invoked command in '/home/uylegia/ros2_ws/build/my_car_control' returned '0': CMAKE_PREFIX_PATH=${CMAKE_PREFIX_PATH}:/home/uylegia/ros2_ws/install/my_localization:/opt/ros/humble /usr/bin/cmake --build /home/uylegia/ros2_ws/build/my_car_control -- -j8 -l8
[6.776s] Invoking command in '/home/uylegia/ros2_ws/build/my_car_control': CMAKE_PREFIX_PATH=${CMAKE_PREFIX_PATH}:/home/uylegia/ros2_ws/install/my_localization:/opt/ros/humble /usr/bin/cmake --install /home/uylegia/ros2_ws/build/my_car_control
[6.782s] -- Install configuration: ""
[6.782s] -- Execute custom install script
[6.782s] -- Up-to-date symlink: /home/uylegia/ros2_ws/install/my_car_control/lib/my_car_control/stanley_controller
[6.782s] -- Up-to-date symlink: /home/uylegia/ros2_ws/install/my_car_control/share/my_car_control/path.csv
[6.782s] -- Up-to-date symlink: /home/uylegia/ros2_ws/install/my_car_control/share/my_car_control/launch/stanley_with_teleop.launch.py
[6.783s] -- Up-to-date symlink: /home/uylegia/ros2_ws/install/my_car_control/share/my_car_control/config/stanley_params.yaml
[6.783s] -- Up-to-date symlink: /home/uylegia/ros2_ws/install/my_car_control/share/my_car_control/config/teleop_twist_joy.yaml
[6.783s] -- Up-to-date symlink: /home/uylegia/ros2_ws/install/my_car_control/share/my_car_control/config/twist_mux.yaml
[6.783s] -- Up-to-date symlink: /home/uylegia/ros2_ws/install/my_car_control/share/my_car_control/config/velocity_smoother.yaml
[6.783s] -- Up-to-date symlink: /home/uylegia/ros2_ws/install/my_car_control/share/ament_index/resource_index/package_run_dependencies/my_car_control
[6.783s] -- Up-to-date symlink: /home/uylegia/ros2_ws/install/my_car_control/share/ament_index/resource_index/parent_prefix_path/my_car_control
[6.783s] -- Up-to-date symlink: /home/uylegia/ros2_ws/install/my_car_control/share/my_car_control/environment/ament_prefix_path.sh
[6.783s] -- Up-to-date symlink: /home/uylegia/ros2_ws/install/my_car_control/share/my_car_control/environment/ament_prefix_path.dsv
[6.783s] -- Up-to-date symlink: /home/uylegia/ros2_ws/install/my_car_control/share/my_car_control/environment/path.sh
[6.784s] -- Up-to-date symlink: /home/uylegia/ros2_ws/install/my_car_control/share/my_car_control/environment/path.dsv
[6.784s] -- Up-to-date symlink: /home/uylegia/ros2_ws/install/my_car_control/share/my_car_control/local_setup.bash
[6.784s] -- Up-to-date symlink: /home/uylegia/ros2_ws/install/my_car_control/share/my_car_control/local_setup.sh
[6.784s] -- Up-to-date symlink: /home/uylegia/ros2_ws/install/my_car_control/share/my_car_control/local_setup.zsh
[6.784s] -- Up-to-date symlink: /home/uylegia/ros2_ws/install/my_car_control/share/my_car_control/local_setup.dsv
[6.784s] -- Symlinking: /home/uylegia/ros2_ws/install/my_car_control/share/my_car_control/package.dsv
[6.790s] -- Up-to-date symlink: /home/uylegia/ros2_ws/install/my_car_control/share/ament_index/resource_index/packages/my_car_control
[6.790s] -- Up-to-date symlink: /home/uylegia/ros2_ws/install/my_car_control/share/my_car_control/cmake/my_car_controlConfig.cmake
[6.790s] -- Up-to-date symlink: /home/uylegia/ros2_ws/install/my_car_control/share/my_car_control/cmake/my_car_controlConfig-version.cmake
[6.790s] -- Up-to-date symlink: /home/uylegia/ros2_ws/install/my_car_control/share/my_car_control/package.xml
[6.792s] Invoked command in '/home/uylegia/ros2_ws/build/my_car_control' returned '0': CMAKE_PREFIX_PATH=${CMAKE_PREFIX_PATH}:/home/uylegia/ros2_ws/install/my_localization:/opt/ros/humble /usr/bin/cmake --install /home/uylegia/ros2_ws/build/my_car_control
